<?xml version="1.0" ?>
<!DOCTYPE coverage
  SYSTEM 'http://cobertura.sourceforge.net/xml/coverage-03.dtd'>
<coverage branch-rate="0.296081567373" line-rate="0.322402524228" timestamp="1413902324" version="gcovr 3.2">
<sources>
<source>
.
</source>
</sources>
<packages>
<package branch-rate="0.495806150979" complexity="0.0" line-rate="0.629737609329" name=".home.des.camcat.Code.CRS.code.src.general">
<classes>
<class branch-rate="0.614285714286" complexity="0.0" filename="/home/des/camcat/Code/CRS/code/src/general/CRS_LogLikelihood.c" line-rate="0.88" name="CRS_LogLikelihood_c">
<methods/>
<lines>
<line branch="false" hits="1" number="513"/>
<line branch="true" condition-coverage="50% (1/2)" hits="1" number="392">
<conditions>
<condition coverage="50%" number="0" type="jump"/>
</conditions>
</line>
<line branch="false" hits="5" number="516"/>
<line branch="true" condition-coverage="50% (1/2)" hits="9" number="342">
<conditions>
<condition coverage="50%" number="0" type="jump"/>
</conditions>
</line>
<line branch="true" condition-coverage="75% (3/4)" hits="1350" number="257">
<conditions>
<condition coverage="75%" number="0" type="jump"/>
</conditions>
</line>
<line branch="true" condition-coverage="100% (2/2)" hits="9" number="343">
<conditions>
<condition coverage="100%" number="0" type="jump"/>
</conditions>
</line>
<line branch="false" hits="1" number="14"/>
<line branch="true" condition-coverage="100% (2/2)" hits="9" number="344">
<conditions>
<condition coverage="100%" number="0" type="jump"/>
</conditions>
</line>
<line branch="true" condition-coverage="25% (1/4)" hits="2700" number="259">
<conditions>
<condition coverage="25%" number="0" type="jump"/>
</conditions>
</line>
<line branch="true" condition-coverage="50% (1/2)" hits="1" number="174">
<conditions>
<condition coverage="50%" number="0" type="jump"/>
</conditions>
</line>
<line branch="false" hits="9" number="345"/>
<line branch="true" condition-coverage="0% (0/2)" hits="0" number="772">
<conditions>
<condition coverage="0%" number="0" type="jump"/>
</conditions>
</line>
<line branch="true" condition-coverage="0% (0/2)" hits="0" number="773">
<conditions>
<condition coverage="0%" number="0" type="jump"/>
</conditions>
</line>
<line branch="false" hits="1" number="176"/>
<line branch="true" condition-coverage="50% (1/2)" hits="9" number="349">
<conditions>
<condition coverage="50%" number="0" type="jump"/>
</conditions>
</line>
<line branch="true" condition-coverage="50% (1/2)" hits="9" number="350">
<conditions>
<condition coverage="50%" number="0" type="jump"/>
</conditions>
</line>
<line branch="false" hits="1" number="608"/>
<line branch="false" hits="1350" number="353"/>
<line branch="false" hits="5" number="584"/>
<line branch="false" hits="1" number="75"/>
<line branch="true" condition-coverage="100% (2/2)" hits="5" number="867">
<conditions>
<condition coverage="100%" number="0" type="jump"/>
</conditions>
</line>
<line branch="false" hits="5" number="597"/>
<line branch="true" condition-coverage="100% (2/2)" hits="9" number="356">
<conditions>
<condition coverage="100%" number="0" type="jump"/>
</conditions>
</line>
<line branch="true" condition-coverage="100% (2/2)" hits="5" number="602">
<conditions>
<condition coverage="100%" number="0" type="jump"/>
</conditions>
</line>
<line branch="true" condition-coverage="100% (2/2)" hits="5" number="604">
<conditions>
<condition coverage="100%" number="0" type="jump"/>
</conditions>
</line>
<line branch="false" hits="1" number="605"/>
<line branch="true" condition-coverage="50% (1/2)" hits="1" number="95">
<conditions>
<condition coverage="50%" number="0" type="jump"/>
</conditions>
</line>
<line branch="false" hits="1" number="96"/>
<line branch="false" hits="1" number="97"/>
<line branch="true" condition-coverage="50% (1/2)" hits="1" number="610">
<conditions>
<condition coverage="50%" number="0" type="jump"/>
</conditions>
</line>
<line branch="false" hits="1" number="611"/>
<line branch="false" hits="1" number="612"/>
<line branch="false" hits="1" number="613"/>
<line branch="false" hits="1" number="614"/>
<line branch="true" condition-coverage="50% (1/2)" hits="1" number="103">
<conditions>
<condition coverage="50%" number="0" type="jump"/>
</conditions>
</line>
<line branch="false" hits="5" number="617"/>
<line branch="true" condition-coverage="50% (1/2)" hits="1" number="106">
<conditions>
<condition coverage="50%" number="0" type="jump"/>
</conditions>
</line>
<line branch="false" hits="1" number="107"/>
<line branch="false" hits="1" number="108"/>
<line branch="false" hits="1" number="109"/>
<line branch="false" hits="1" number="110"/>
<line branch="false" hits="1" number="111"/>
<line branch="false" hits="1" number="112"/>
<line branch="false" hits="1" number="113"/>
<line branch="false" hits="1" number="114"/>
<line branch="false" hits="1" number="115"/>
<line branch="false" hits="1" number="116"/>
<line branch="false" hits="1" number="117"/>
<line branch="false" hits="1" number="118"/>
<line branch="false" hits="1" number="119"/>
<line branch="false" hits="1" number="120"/>
<line branch="false" hits="1" number="121"/>
<line branch="true" condition-coverage="100% (2/2)" hits="3773" number="122">
<conditions>
<condition coverage="100%" number="0" type="jump"/>
</conditions>
</line>
<line branch="false" hits="3772" number="123"/>
<line branch="false" hits="3772" number="124"/>
<line branch="false" hits="3772" number="125"/>
<line branch="true" condition-coverage="100% (2/2)" hits="151" number="127">
<conditions>
<condition coverage="100%" number="0" type="jump"/>
</conditions>
</line>
<line branch="false" hits="150" number="128"/>
<line branch="false" hits="150" number="129"/>
<line branch="false" hits="150" number="130"/>
<line branch="false" hits="150" number="131"/>
<line branch="false" hits="1" number="133"/>
<line branch="true" condition-coverage="50% (1/2)" hits="5" number="646">
<conditions>
<condition coverage="50%" number="0" type="jump"/>
</conditions>
</line>
<line branch="false" hits="1" number="135"/>
<line branch="false" hits="1" number="136"/>
<line branch="true" condition-coverage="83% (5/6)" hits="1" number="137">
<conditions>
<condition coverage="83%" number="0" type="jump"/>
</conditions>
</line>
<line branch="false" hits="1" number="139"/>
<line branch="false" hits="1" number="140"/>
<line branch="true" condition-coverage="100% (2/2)" hits="1" number="141">
<conditions>
<condition coverage="100%" number="0" type="jump"/>
</conditions>
</line>
<line branch="false" hits="1" number="143"/>
<line branch="false" hits="1" number="144"/>
<line branch="true" condition-coverage="50% (1/2)" hits="1" number="146">
<conditions>
<condition coverage="50%" number="0" type="jump"/>
</conditions>
</line>
<line branch="true" condition-coverage="50% (1/2)" hits="1" number="147">
<conditions>
<condition coverage="50%" number="0" type="jump"/>
</conditions>
</line>
<line branch="false" hits="1" number="148"/>
<line branch="false" hits="1" number="149"/>
<line branch="false" hits="1" number="152"/>
<line branch="false" hits="1" number="153"/>
<line branch="false" hits="5" number="618"/>
<line branch="true" condition-coverage="50% (1/2)" hits="1" number="155">
<conditions>
<condition coverage="50%" number="0" type="jump"/>
</conditions>
</line>
<line branch="true" condition-coverage="50% (1/2)" hits="1" number="158">
<conditions>
<condition coverage="50%" number="0" type="jump"/>
</conditions>
</line>
<line branch="false" hits="1" number="159"/>
<line branch="false" hits="1" number="160"/>
<line branch="true" condition-coverage="50% (1/2)" hits="1" number="162">
<conditions>
<condition coverage="50%" number="0" type="jump"/>
</conditions>
</line>
<line branch="false" hits="1" number="163"/>
<line branch="false" hits="1" number="164"/>
<line branch="false" hits="5" number="677"/>
<line branch="true" condition-coverage="50% (1/2)" hits="1" number="166">
<conditions>
<condition coverage="50%" number="0" type="jump"/>
</conditions>
</line>
<line branch="false" hits="1" number="167"/>
<line branch="false" hits="1" number="168"/>
<line branch="true" condition-coverage="50% (1/2)" hits="1" number="170">
<conditions>
<condition coverage="50%" number="0" type="jump"/>
</conditions>
</line>
<line branch="false" hits="1" number="171"/>
<line branch="false" hits="1" number="172"/>
<line branch="true" condition-coverage="50% (1/2)" hits="37" number="685">
<conditions>
<condition coverage="50%" number="0" type="jump"/>
</conditions>
</line>
<line branch="true" condition-coverage="100% (4/4)" hits="37" number="686">
<conditions>
<condition coverage="100%" number="0" type="jump"/>
</conditions>
</line>
<line branch="false" hits="1" number="175"/>
<line branch="true" condition-coverage="100% (2/2)" hits="37" number="688">
<conditions>
<condition coverage="100%" number="0" type="jump"/>
</conditions>
</line>
<line branch="false" hits="1" number="177"/>
<line branch="false" hits="1" number="178"/>
<line branch="true" condition-coverage="50% (1/2)" hits="37" number="691">
<conditions>
<condition coverage="50%" number="0" type="jump"/>
</conditions>
</line>
<line branch="true" condition-coverage="0% (0/4)" hits="0" number="692">
<conditions>
<condition coverage="0%" number="0" type="jump"/>
</conditions>
</line>
<line branch="true" condition-coverage="100% (2/2)" hits="10" number="201">
<conditions>
<condition coverage="100%" number="0" type="jump"/>
</conditions>
</line>
<line branch="true" condition-coverage="0% (0/2)" hits="0" number="697">
<conditions>
<condition coverage="0%" number="0" type="jump"/>
</conditions>
</line>
<line branch="true" condition-coverage="0% (0/2)" hits="0" number="698">
<conditions>
<condition coverage="0%" number="0" type="jump"/>
</conditions>
</line>
<line branch="false" hits="0" number="701"/>
<line branch="false" hits="1895" number="620"/>
<line branch="true" condition-coverage="100% (4/4)" hits="37" number="707">
<conditions>
<condition coverage="100%" number="0" type="jump"/>
</conditions>
</line>
<line branch="false" hits="1" number="197"/>
<line branch="false" hits="1" number="198"/>
<line branch="true" condition-coverage="100% (2/2)" hits="139601" number="712">
<conditions>
<condition coverage="100%" number="0" type="jump"/>
</conditions>
</line>
<line branch="true" condition-coverage="50% (1/2)" hits="139564" number="713">
<conditions>
<condition coverage="50%" number="0" type="jump"/>
</conditions>
</line>
<line branch="false" hits="1" number="501"/>
<line branch="true" condition-coverage="100% (2/2)" hits="1900" number="619">
<conditions>
<condition coverage="100%" number="0" type="jump"/>
</conditions>
</line>
<line branch="false" hits="37" number="718"/>
<line branch="false" hits="37" number="719"/>
<line branch="false" hits="9" number="209"/>
<line branch="true" condition-coverage="75% (3/4)" hits="185" number="722">
<conditions>
<condition coverage="75%" number="0" type="jump"/>
</conditions>
</line>
<line branch="true" condition-coverage="50% (2/4)" hits="9" number="211">
<conditions>
<condition coverage="50%" number="0" type="jump"/>
</conditions>
</line>
<line branch="true" condition-coverage="50% (1/2)" hits="9" number="212">
<conditions>
<condition coverage="50%" number="0" type="jump"/>
</conditions>
</line>
<line branch="true" condition-coverage="100% (2/2)" hits="9" number="206">
<conditions>
<condition coverage="100%" number="0" type="jump"/>
</conditions>
</line>
<line branch="true" condition-coverage="100% (2/2)" hits="111" number="723">
<conditions>
<condition coverage="100%" number="0" type="jump"/>
</conditions>
</line>
<line branch="false" hits="9" number="215"/>
<line branch="false" hits="9" number="216"/>
<line branch="true" condition-coverage="50% (1/2)" hits="9" number="218">
<conditions>
<condition coverage="50%" number="0" type="jump"/>
</conditions>
</line>
<line branch="true" condition-coverage="100% (2/2)" hits="9" number="207">
<conditions>
<condition coverage="100%" number="0" type="jump"/>
</conditions>
</line>
<line branch="false" hits="74" number="732"/>
<line branch="false" hits="74" number="735"/>
<line branch="true" condition-coverage="100% (2/2)" hits="33957" number="224">
<conditions>
<condition coverage="100%" number="0" type="jump"/>
</conditions>
</line>
<line branch="true" condition-coverage="50% (1/2)" hits="33948" number="225">
<conditions>
<condition coverage="50%" number="0" type="jump"/>
</conditions>
</line>
<line branch="true" condition-coverage="50% (1/2)" hits="37" number="740">
<conditions>
<condition coverage="50%" number="0" type="jump"/>
</conditions>
</line>
<line branch="false" hits="37" number="741"/>
<line branch="true" condition-coverage="33% (2/6)" hits="37" number="721">
<conditions>
<condition coverage="33%" number="0" type="jump"/>
</conditions>
</line>
<line branch="false" hits="37" number="744"/>
<line branch="true" condition-coverage="100% (2/2)" hits="33957" number="233">
<conditions>
<condition coverage="100%" number="0" type="jump"/>
</conditions>
</line>
<line branch="false" hits="33948" number="234"/>
<line branch="false" hits="111" number="749"/>
<line branch="false" hits="0" number="238"/>
<line branch="true" condition-coverage="50% (1/2)" hits="111" number="751">
<conditions>
<condition coverage="50%" number="0" type="jump"/>
</conditions>
</line>
<line branch="true" condition-coverage="50% (1/2)" hits="37" number="753">
<conditions>
<condition coverage="50%" number="0" type="jump"/>
</conditions>
</line>
<line branch="false" hits="37" number="754"/>
<line branch="true" condition-coverage="0% (0/2)" hits="0" number="243">
<conditions>
<condition coverage="0%" number="0" type="jump"/>
</conditions>
</line>
<line branch="true" condition-coverage="0% (0/2)" hits="0" number="244">
<conditions>
<condition coverage="0%" number="0" type="jump"/>
</conditions>
</line>
<line branch="false" hits="37" number="758"/>
<line branch="false" hits="9" number="248"/>
<line branch="false" hits="9" number="249"/>
<line branch="true" condition-coverage="100% (2/2)" hits="1359" number="251">
<conditions>
<condition coverage="100%" number="0" type="jump"/>
</conditions>
</line>
<line branch="true" condition-coverage="100% (4/4)" hits="37" number="764">
<conditions>
<condition coverage="100%" number="0" type="jump"/>
</conditions>
</line>
<line branch="false" hits="1350" number="254"/>
<line branch="true" condition-coverage="100% (4/4)" hits="9" number="213">
<conditions>
<condition coverage="100%" number="0" type="jump"/>
</conditions>
</line>
<line branch="true" condition-coverage="0% (0/2)" hits="0" number="768">
<conditions>
<condition coverage="0%" number="0" type="jump"/>
</conditions>
</line>
<line branch="true" condition-coverage="0% (0/2)" hits="0" number="769">
<conditions>
<condition coverage="0%" number="0" type="jump"/>
</conditions>
</line>
<line branch="true" condition-coverage="50% (1/2)" hits="37" number="771">
<conditions>
<condition coverage="50%" number="0" type="jump"/>
</conditions>
</line>
<line branch="true" condition-coverage="0% (0/2)" hits="0" number="260">
<conditions>
<condition coverage="0%" number="0" type="jump"/>
</conditions>
</line>
<line branch="false" hits="0" number="261"/>
<line branch="true" condition-coverage="0% (0/2)" hits="0" number="265">
<conditions>
<condition coverage="0%" number="0" type="jump"/>
</conditions>
</line>
<line branch="false" hits="0" number="266"/>
<line branch="false" hits="0" number="269"/>
<line branch="false" hits="0" number="270"/>
<line branch="false" hits="0" number="271"/>
<line branch="false" hits="0" number="272"/>
<line branch="false" hits="74" number="728"/>
<line branch="false" hits="0" number="274"/>
<line branch="false" hits="0" number="275"/>
<line branch="false" hits="1350" number="302"/>
<line branch="false" hits="0" number="279"/>
<line branch="true" condition-coverage="0% (0/2)" hits="0" number="281">
<conditions>
<condition coverage="0%" number="0" type="jump"/>
</conditions>
</line>
<line branch="false" hits="0" number="282"/>
<line branch="false" hits="1350" number="303"/>
<line branch="false" hits="1" number="474"/>
<line branch="false" hits="0" number="286"/>
<line branch="true" condition-coverage="50% (1/2)" hits="5" number="645">
<conditions>
<condition coverage="50%" number="0" type="jump"/>
</conditions>
</line>
<line branch="false" hits="0" number="288"/>
<line branch="false" hits="1350" number="304"/>
<line branch="true" condition-coverage="0% (0/2)" hits="0" number="290">
<conditions>
<condition coverage="0%" number="0" type="jump"/>
</conditions>
</line>
<line branch="false" hits="9" number="219"/>
<line branch="true" condition-coverage="50% (1/2)" hits="1350" number="292">
<conditions>
<condition coverage="50%" number="0" type="jump"/>
</conditions>
</line>
<line branch="false" hits="1350" number="293"/>
<line branch="false" hits="1350" number="305"/>
<line branch="true" condition-coverage="100% (2/2)" hits="5093550" number="297">
<conditions>
<condition coverage="100%" number="0" type="jump"/>
</conditions>
</line>
<line branch="false" hits="5092200" number="298"/>
<line branch="true" condition-coverage="50% (1/2)" hits="5" number="647">
<conditions>
<condition coverage="50%" number="0" type="jump"/>
</conditions>
</line>
<line branch="false" hits="1350" number="301"/>
<line branch="true" condition-coverage="50% (1/2)" hits="5" number="814">
<conditions>
<condition coverage="50%" number="0" type="jump"/>
</conditions>
</line>
<line branch="true" condition-coverage="50% (1/2)" hits="5" number="815">
<conditions>
<condition coverage="50%" number="0" type="jump"/>
</conditions>
</line>
<line branch="true" condition-coverage="50% (1/2)" hits="5" number="816">
<conditions>
<condition coverage="50%" number="0" type="jump"/>
</conditions>
</line>
<line branch="true" condition-coverage="50% (1/2)" hits="5" number="817">
<conditions>
<condition coverage="50%" number="0" type="jump"/>
</conditions>
</line>
<line branch="true" condition-coverage="50% (1/2)" hits="1" number="469">
<conditions>
<condition coverage="50%" number="0" type="jump"/>
</conditions>
</line>
<line branch="true" condition-coverage="100% (2/2)" hits="513000" number="308">
<conditions>
<condition coverage="100%" number="0" type="jump"/>
</conditions>
</line>
<line branch="true" condition-coverage="100% (4/4)" hits="511650" number="309">
<conditions>
<condition coverage="100%" number="0" type="jump"/>
</conditions>
</line>
<line branch="false" hits="837" number="310"/>
<line branch="false" hits="5" number="823"/>
<line branch="false" hits="5" number="824"/>
<line branch="false" hits="5" number="820"/>
<line branch="false" hits="5" number="826"/>
<line branch="true" condition-coverage="50% (1/2)" hits="9" number="315">
<conditions>
<condition coverage="50%" number="0" type="jump"/>
</conditions>
</line>
<line branch="true" condition-coverage="33% (2/6)" hits="5" number="828">
<conditions>
<condition coverage="33%" number="0" type="jump"/>
</conditions>
</line>
<line branch="true" condition-coverage="100% (2/2)" hits="33957" number="317">
<conditions>
<condition coverage="100%" number="0" type="jump"/>
</conditions>
</line>
<line branch="false" hits="33948" number="318"/>
<line branch="false" hits="5" number="821"/>
<line branch="true" condition-coverage="75% (3/4)" hits="1280" number="832">
<conditions>
<condition coverage="75%" number="0" type="jump"/>
</conditions>
</line>
<line branch="true" condition-coverage="50% (1/2)" hits="1250" number="833">
<conditions>
<condition coverage="50%" number="0" type="jump"/>
</conditions>
</line>
<line branch="false" hits="9" number="322"/>
<line branch="true" condition-coverage="50% (1/2)" hits="9" number="323">
<conditions>
<condition coverage="50%" number="0" type="jump"/>
</conditions>
</line>
<line branch="false" hits="1250" number="836"/>
<line branch="false" hits="5" number="822"/>
<line branch="false" hits="33948" number="326"/>
<line branch="true" condition-coverage="50% (1/2)" hits="33948" number="327">
<conditions>
<condition coverage="50%" number="0" type="jump"/>
</conditions>
</line>
<line branch="false" hits="15" number="841"/>
<line branch="true" condition-coverage="50% (1/2)" hits="9" number="330">
<conditions>
<condition coverage="50%" number="0" type="jump"/>
</conditions>
</line>
<line branch="false" hits="9" number="331"/>
<line branch="true" condition-coverage="50% (1/2)" hits="9" number="332">
<conditions>
<condition coverage="50%" number="0" type="jump"/>
</conditions>
</line>
<line branch="true" condition-coverage="100% (2/2)" hits="9" number="333">
<conditions>
<condition coverage="100%" number="0" type="jump"/>
</conditions>
</line>
<line branch="true" condition-coverage="50% (1/2)" hits="5" number="846">
<conditions>
<condition coverage="50%" number="0" type="jump"/>
</conditions>
</line>
<line branch="false" hits="9" number="335"/>
<line branch="false" hits="273" number="848"/>
<line branch="false" hits="273" number="849"/>
<line branch="false" hits="273" number="850"/>
<line branch="true" condition-coverage="50% (1/2)" hits="9" number="340">
<conditions>
<condition coverage="50%" number="0" type="jump"/>
</conditions>
</line>
<line branch="false" hits="5" number="853"/>
<line branch="false" hits="5" number="642"/>
<line branch="true" condition-coverage="100% (2/2)" hits="5" number="855">
<conditions>
<condition coverage="100%" number="0" type="jump"/>
</conditions>
</line>
<line branch="true" condition-coverage="100% (2/2)" hits="5" number="856">
<conditions>
<condition coverage="100%" number="0" type="jump"/>
</conditions>
</line>
<line branch="true" condition-coverage="100% (2/2)" hits="5" number="857">
<conditions>
<condition coverage="100%" number="0" type="jump"/>
</conditions>
</line>
<line branch="true" condition-coverage="50% (1/2)" hits="5" number="858">
<conditions>
<condition coverage="50%" number="0" type="jump"/>
</conditions>
</line>
<line branch="false" hits="74" number="725"/>
<line branch="true" condition-coverage="50% (1/2)" hits="5" number="860">
<conditions>
<condition coverage="50%" number="0" type="jump"/>
</conditions>
</line>
<line branch="false" hits="0" number="861"/>
<line branch="false" hits="0" number="862"/>
<line branch="true" condition-coverage="100% (2/2)" hits="1359" number="351">
<conditions>
<condition coverage="100%" number="0" type="jump"/>
</conditions>
</line>
<line branch="false" hits="1350" number="352"/>
<line branch="true" condition-coverage="100% (2/2)" hits="5" number="865">
<conditions>
<condition coverage="100%" number="0" type="jump"/>
</conditions>
</line>
<line branch="true" condition-coverage="100% (2/2)" hits="5" number="866">
<conditions>
<condition coverage="100%" number="0" type="jump"/>
</conditions>
</line>
<line branch="true" condition-coverage="100% (2/2)" hits="9" number="355">
<conditions>
<condition coverage="100%" number="0" type="jump"/>
</conditions>
</line>
<line branch="true" condition-coverage="100% (2/2)" hits="5" number="868">
<conditions>
<condition coverage="100%" number="0" type="jump"/>
</conditions>
</line>
<line branch="false" hits="9" number="357"/>
<line branch="false" hits="9" number="358"/>
<line branch="true" condition-coverage="100% (2/2)" hits="5" number="871">
<conditions>
<condition coverage="100%" number="0" type="jump"/>
</conditions>
</line>
<line branch="false" hits="5" number="874"/>
<line branch="true" condition-coverage="50% (1/2)" hits="5" number="875">
<conditions>
<condition coverage="50%" number="0" type="jump"/>
</conditions>
</line>
<line branch="true" condition-coverage="75% (3/4)" hits="25" number="829">
<conditions>
<condition coverage="75%" number="0" type="jump"/>
</conditions>
</line>
<line branch="false" hits="5" number="643"/>
<line branch="true" condition-coverage="50% (1/2)" hits="15" number="830">
<conditions>
<condition coverage="50%" number="0" type="jump"/>
</conditions>
</line>
<line branch="false" hits="1" number="507"/>
<line branch="true" condition-coverage="50% (1/2)" hits="1" number="473">
<conditions>
<condition coverage="50%" number="0" type="jump"/>
</conditions>
</line>
<line branch="true" condition-coverage="50% (1/2)" hits="1" number="390">
<conditions>
<condition coverage="50%" number="0" type="jump"/>
</conditions>
</line>
<line branch="true" condition-coverage="50% (1/2)" hits="1" number="391">
<conditions>
<condition coverage="50%" number="0" type="jump"/>
</conditions>
</line>
<line branch="false" hits="5" number="904"/>
<line branch="true" condition-coverage="50% (1/2)" hits="1" number="393">
<conditions>
<condition coverage="50%" number="0" type="jump"/>
</conditions>
</line>
<line branch="true" condition-coverage="50% (1/2)" hits="1" number="394">
<conditions>
<condition coverage="50%" number="0" type="jump"/>
</conditions>
</line>
<line branch="false" hits="1" number="395"/>
<line branch="false" hits="1" number="396"/>
<line branch="false" hits="1250" number="834"/>
<line branch="true" condition-coverage="50% (1/2)" hits="1" number="399">
<conditions>
<condition coverage="50%" number="0" type="jump"/>
</conditions>
</line>
<line branch="true" condition-coverage="100% (2/2)" hits="1" number="400">
<conditions>
<condition coverage="100%" number="0" type="jump"/>
</conditions>
</line>
<line branch="false" hits="1" number="401"/>
<line branch="false" hits="1250" number="835"/>
<line branch="true" condition-coverage="75% (3/4)" hits="111" number="750">
<conditions>
<condition coverage="75%" number="0" type="jump"/>
</conditions>
</line>
<line branch="false" hits="1" number="406"/>
<line branch="true" condition-coverage="100% (2/2)" hits="3773" number="407">
<conditions>
<condition coverage="100%" number="0" type="jump"/>
</conditions>
</line>
<line branch="false" hits="3772" number="408"/>
<line branch="true" condition-coverage="50% (1/2)" hits="1" number="410">
<conditions>
<condition coverage="50%" number="0" type="jump"/>
</conditions>
</line>
<line branch="false" hits="1" number="411"/>
<line branch="true" condition-coverage="100% (2/2)" hits="3773" number="413">
<conditions>
<condition coverage="100%" number="0" type="jump"/>
</conditions>
</line>
<line branch="false" hits="3772" number="414"/>
<line branch="true" condition-coverage="100% (2/2)" hits="33957" number="325">
<conditions>
<condition coverage="100%" number="0" type="jump"/>
</conditions>
</line>
<line branch="true" condition-coverage="50% (1/2)" hits="1" number="416">
<conditions>
<condition coverage="50%" number="0" type="jump"/>
</conditions>
</line>
<line branch="false" hits="1" number="417"/>
<line branch="false" hits="1250" number="838"/>
<line branch="false" hits="1" number="422"/>
<line branch="true" condition-coverage="50% (1/2)" hits="1" number="423">
<conditions>
<condition coverage="50%" number="0" type="jump"/>
</conditions>
</line>
<line branch="false" hits="1" number="424"/>
<line branch="false" hits="1" number="425"/>
<line branch="true" condition-coverage="50% (1/2)" hits="1" number="426">
<conditions>
<condition coverage="50%" number="0" type="jump"/>
</conditions>
</line>
<line branch="true" condition-coverage="25% (1/4)" hits="1" number="429">
<conditions>
<condition coverage="25%" number="0" type="jump"/>
</conditions>
</line>
<line branch="false" hits="1" number="430"/>
<line branch="false" hits="1" number="431"/>
<line branch="false" hits="1" number="432"/>
<line branch="false" hits="1" number="433"/>
<line branch="false" hits="1" number="434"/>
<line branch="false" hits="1" number="435"/>
<line branch="true" condition-coverage="75% (3/4)" hits="1" number="436">
<conditions>
<condition coverage="75%" number="0" type="jump"/>
</conditions>
</line>
<line branch="true" condition-coverage="25% (1/4)" hits="2" number="437">
<conditions>
<condition coverage="25%" number="0" type="jump"/>
</conditions>
</line>
<line branch="true" condition-coverage="0% (0/2)" hits="0" number="438">
<conditions>
<condition coverage="0%" number="0" type="jump"/>
</conditions>
</line>
<line branch="true" condition-coverage="0% (0/4)" hits="0" number="439">
<conditions>
<condition coverage="0%" number="0" type="jump"/>
</conditions>
</line>
<line branch="true" condition-coverage="0% (0/2)" hits="0" number="440">
<conditions>
<condition coverage="0%" number="0" type="jump"/>
</conditions>
</line>
<line branch="false" hits="0" number="441"/>
<line branch="false" hits="0" number="442"/>
<line branch="true" condition-coverage="0% (0/2)" hits="0" number="443">
<conditions>
<condition coverage="0%" number="0" type="jump"/>
</conditions>
</line>
<line branch="true" condition-coverage="0% (0/2)" hits="0" number="444">
<conditions>
<condition coverage="0%" number="0" type="jump"/>
</conditions>
</line>
<line branch="false" hits="15" number="842"/>
<line branch="true" condition-coverage="100% (2/2)" hits="1" number="475">
<conditions>
<condition coverage="100%" number="0" type="jump"/>
</conditions>
</line>
<line branch="false" hits="0" number="447"/>
<line branch="true" condition-coverage="75% (3/4)" hits="15" number="843">
<conditions>
<condition coverage="75%" number="0" type="jump"/>
</conditions>
</line>
<line branch="false" hits="148" number="731"/>
<line branch="false" hits="0" number="457"/>
<line branch="false" hits="0" number="458"/>
<line branch="false" hits="1" number="503"/>
<line branch="true" condition-coverage="50% (1/2)" hits="1" number="460">
<conditions>
<condition coverage="50%" number="0" type="jump"/>
</conditions>
</line>
<line branch="true" condition-coverage="83% (5/6)" hits="380" number="461">
<conditions>
<condition coverage="83%" number="0" type="jump"/>
</conditions>
</line>
<line branch="false" hits="93" number="462"/>
<line branch="true" condition-coverage="50% (1/2)" hits="93" number="463">
<conditions>
<condition coverage="50%" number="0" type="jump"/>
</conditions>
</line>
<line branch="true" condition-coverage="50% (1/2)" hits="93" number="464">
<conditions>
<condition coverage="50%" number="0" type="jump"/>
</conditions>
</line>
<line branch="false" hits="1" number="511"/>
<line branch="true" condition-coverage="100% (2/2)" hits="9" number="334">
<conditions>
<condition coverage="100%" number="0" type="jump"/>
</conditions>
</line>
<line branch="true" condition-coverage="50% (1/2)" hits="1" number="470">
<conditions>
<condition coverage="50%" number="0" type="jump"/>
</conditions>
</line>
<line branch="true" condition-coverage="50% (1/2)" hits="37" number="761">
<conditions>
<condition coverage="50%" number="0" type="jump"/>
</conditions>
</line>
<line branch="false" hits="5" number="676"/>
<line branch="false" hits="9" number="228"/>
<line branch="true" condition-coverage="83% (5/6)" hits="650" number="847">
<conditions>
<condition coverage="83%" number="0" type="jump"/>
</conditions>
</line>
<line branch="false" hits="1" number="476"/>
<line branch="true" condition-coverage="83% (5/6)" hits="37" number="763">
<conditions>
<condition coverage="83%" number="0" type="jump"/>
</conditions>
</line>
<line branch="false" hits="1" number="508"/>
<line branch="true" condition-coverage="100% (2/2)" hits="42" number="680">
<conditions>
<condition coverage="100%" number="0" type="jump"/>
</conditions>
</line>
<line branch="true" condition-coverage="50% (1/2)" hits="1" number="499">
<conditions>
<condition coverage="50%" number="0" type="jump"/>
</conditions>
</line>
<line branch="false" hits="1" number="500"/>
<line branch="true" condition-coverage="50% (1/2)" hits="37" number="766">
<conditions>
<condition coverage="50%" number="0" type="jump"/>
</conditions>
</line>
<line branch="false" hits="1" number="502"/>
<line branch="true" condition-coverage="100% (2/2)" hits="5" number="869">
<conditions>
<condition coverage="100%" number="0" type="jump"/>
</conditions>
</line>
<line branch="false" hits="1" number="504"/>
<line branch="false" hits="1" number="505"/>
<line branch="false" hits="1" number="506"/>
<line branch="false" hits="1350" number="255"/>
<line branch="true" condition-coverage="50% (1/2)" hits="37" number="767">
<conditions>
<condition coverage="50%" number="0" type="jump"/>
</conditions>
</line>
<line branch="false" hits="1" number="509"/>
<line branch="false" hits="1" number="510"/>
<line branch="false" hits="9" number="341"/>
</lines>
</class>
<class branch-rate="0.273885350318" complexity="0.0" filename="/home/des/camcat/Code/CRS/code/src/general/calculateDCFSperturbed.c" line-rate="0.404761904762" name="calculateDCFSperturbed_c">
<methods/>
<lines>
<line branch="false" hits="46" number="14"/>
<line branch="false" hits="46" number="50"/>
<line branch="false" hits="92" number="57"/>
<line branch="false" hits="46" number="62"/>
<line branch="false" hits="46" number="70"/>
<line branch="false" hits="46" number="71"/>
<line branch="false" hits="46" number="81"/>
<line branch="false" hits="46" number="89"/>
<line branch="true" condition-coverage="100% (2/2)" hits="46" number="91">
<conditions>
<condition coverage="100%" number="0" type="jump"/>
</conditions>
</line>
<line branch="false" hits="1" number="92"/>
<line branch="false" hits="1" number="94"/>
<line branch="true" condition-coverage="50% (1/2)" hits="1" number="97">
<conditions>
<condition coverage="50%" number="0" type="jump"/>
</conditions>
</line>
<line branch="false" hits="0" number="98"/>
<line branch="false" hits="0" number="99"/>
<line branch="false" hits="0" number="100"/>
<line branch="false" hits="0" number="101"/>
<line branch="true" condition-coverage="50% (3/6)" hits="2" number="104">
<conditions>
<condition coverage="50%" number="0" type="jump"/>
</conditions>
</line>
<line branch="false" hits="1" number="105"/>
<line branch="false" hits="1" number="106"/>
<line branch="false" hits="1" number="107"/>
<line branch="false" hits="0" number="110"/>
<line branch="false" hits="0" number="111"/>
<line branch="false" hits="0" number="112"/>
<line branch="true" condition-coverage="50% (1/2)" hits="1" number="119">
<conditions>
<condition coverage="50%" number="0" type="jump"/>
</conditions>
</line>
<line branch="true" condition-coverage="0% (0/2)" hits="0" number="122">
<conditions>
<condition coverage="0%" number="0" type="jump"/>
</conditions>
</line>
<line branch="false" hits="0" number="123"/>
<line branch="true" condition-coverage="0% (0/2)" hits="0" number="124">
<conditions>
<condition coverage="0%" number="0" type="jump"/>
</conditions>
</line>
<line branch="true" condition-coverage="0% (0/2)" hits="0" number="127">
<conditions>
<condition coverage="0%" number="0" type="jump"/>
</conditions>
</line>
<line branch="false" hits="0" number="128"/>
<line branch="false" hits="0" number="130"/>
<line branch="false" hits="0" number="131"/>
<line branch="false" hits="0" number="132"/>
<line branch="false" hits="0" number="133"/>
<line branch="false" hits="0" number="134"/>
<line branch="true" condition-coverage="0% (0/2)" hits="0" number="136">
<conditions>
<condition coverage="0%" number="0" type="jump"/>
</conditions>
</line>
<line branch="false" hits="0" number="137"/>
<line branch="false" hits="0" number="138"/>
<line branch="false" hits="0" number="139"/>
<line branch="false" hits="0" number="140"/>
<line branch="false" hits="0" number="141"/>
<line branch="false" hits="0" number="144"/>
<line branch="false" hits="0" number="145"/>
<line branch="true" condition-coverage="0% (0/2)" hits="0" number="146">
<conditions>
<condition coverage="0%" number="0" type="jump"/>
</conditions>
</line>
<line branch="false" hits="0" number="147"/>
<line branch="true" condition-coverage="0% (0/2)" hits="0" number="148">
<conditions>
<condition coverage="0%" number="0" type="jump"/>
</conditions>
</line>
<line branch="false" hits="0" number="149"/>
<line branch="true" condition-coverage="0% (0/4)" hits="0" number="150">
<conditions>
<condition coverage="0%" number="0" type="jump"/>
</conditions>
</line>
<line branch="true" condition-coverage="0% (0/2)" hits="0" number="151">
<conditions>
<condition coverage="0%" number="0" type="jump"/>
</conditions>
</line>
<line branch="true" condition-coverage="100% (4/4)" hits="46" number="163">
<conditions>
<condition coverage="100%" number="0" type="jump"/>
</conditions>
</line>
<line branch="true" condition-coverage="50% (1/2)" hits="2" number="164">
<conditions>
<condition coverage="50%" number="0" type="jump"/>
</conditions>
</line>
<line branch="false" hits="2" number="165"/>
<line branch="false" hits="2" number="166"/>
<line branch="true" condition-coverage="100% (2/2)" hits="8" number="167">
<conditions>
<condition coverage="100%" number="0" type="jump"/>
</conditions>
</line>
<line branch="true" condition-coverage="100% (2/2)" hits="6" number="168">
<conditions>
<condition coverage="100%" number="0" type="jump"/>
</conditions>
</line>
<line branch="false" hits="4" number="169"/>
<line branch="false" hits="4" number="170"/>
<line branch="false" hits="4" number="171"/>
<line branch="false" hits="6" number="173"/>
<line branch="false" hits="6" number="174"/>
<line branch="false" hits="2" number="178"/>
<line branch="false" hits="2" number="179"/>
<line branch="true" condition-coverage="100% (2/2)" hits="8" number="180">
<conditions>
<condition coverage="100%" number="0" type="jump"/>
</conditions>
</line>
<line branch="true" condition-coverage="100% (2/2)" hits="6" number="181">
<conditions>
<condition coverage="100%" number="0" type="jump"/>
</conditions>
</line>
<line branch="false" hits="2" number="182"/>
<line branch="false" hits="2" number="183"/>
<line branch="true" condition-coverage="50% (1/2)" hits="2" number="184">
<conditions>
<condition coverage="50%" number="0" type="jump"/>
</conditions>
</line>
<line branch="true" condition-coverage="0% (0/2)" hits="0" number="185">
<conditions>
<condition coverage="0%" number="0" type="jump"/>
</conditions>
</line>
<line branch="true" condition-coverage="0% (0/2)" hits="0" number="186">
<conditions>
<condition coverage="0%" number="0" type="jump"/>
</conditions>
</line>
<line branch="false" hits="0" number="187"/>
<line branch="false" hits="0" number="188"/>
<line branch="false" hits="0" number="189"/>
<line branch="true" condition-coverage="0% (0/2)" hits="0" number="190">
<conditions>
<condition coverage="0%" number="0" type="jump"/>
</conditions>
</line>
<line branch="false" hits="0" number="191"/>
<line branch="false" hits="0" number="192"/>
<line branch="false" hits="6" number="196"/>
<line branch="false" hits="6" number="197"/>
<line branch="true" condition-coverage="25% (1/4)" hits="46" number="203">
<conditions>
<condition coverage="25%" number="0" type="jump"/>
</conditions>
</line>
<line branch="false" hits="0" number="204"/>
<line branch="false" hits="0" number="205"/>
<line branch="false" hits="0" number="206"/>
<line branch="true" condition-coverage="33% (1/3)" hits="46" number="209">
<conditions>
<condition coverage="33%" number="0" type="jump"/>
</conditions>
</line>
<line branch="true" condition-coverage="50% (1/2)" hits="46" number="211">
<conditions>
<condition coverage="50%" number="0" type="jump"/>
</conditions>
</line>
<line branch="true" condition-coverage="100% (2/2)" hits="92" number="212">
<conditions>
<condition coverage="100%" number="0" type="jump"/>
</conditions>
</line>
<line branch="false" hits="46" number="213"/>
<line branch="false" hits="46" number="214"/>
<line branch="false" hits="46" number="215"/>
<line branch="false" hits="46" number="216"/>
<line branch="false" hits="46" number="217"/>
<line branch="false" hits="46" number="218"/>
<line branch="false" hits="46" number="219"/>
<line branch="false" hits="0" number="223"/>
<line branch="false" hits="0" number="224"/>
<line branch="false" hits="0" number="225"/>
<line branch="false" hits="46" number="227"/>
<line branch="true" condition-coverage="0% (0/2)" hits="0" number="230">
<conditions>
<condition coverage="0%" number="0" type="jump"/>
</conditions>
</line>
<line branch="false" hits="0" number="231"/>
<line branch="false" hits="0" number="232"/>
<line branch="false" hits="0" number="236"/>
<line branch="false" hits="0" number="237"/>
<line branch="false" hits="0" number="239"/>
<line branch="true" condition-coverage="50% (1/2)" hits="46" number="250">
<conditions>
<condition coverage="50%" number="0" type="jump"/>
</conditions>
</line>
<line branch="true" condition-coverage="100% (2/2)" hits="138" number="251">
<conditions>
<condition coverage="100%" number="0" type="jump"/>
</conditions>
</line>
<line branch="true" condition-coverage="75% (3/4)" hits="92" number="252">
<conditions>
<condition coverage="75%" number="0" type="jump"/>
</conditions>
</line>
<line branch="true" condition-coverage="0% (0/4)" hits="0" number="253">
<conditions>
<condition coverage="0%" number="0" type="jump"/>
</conditions>
</line>
<line branch="true" condition-coverage="0% (0/4)" hits="0" number="257">
<conditions>
<condition coverage="0%" number="0" type="jump"/>
</conditions>
</line>
<line branch="true" condition-coverage="0% (0/2)" hits="0" number="259">
<conditions>
<condition coverage="0%" number="0" type="jump"/>
</conditions>
</line>
<line branch="true" condition-coverage="0% (0/2)" hits="0" number="260">
<conditions>
<condition coverage="0%" number="0" type="jump"/>
</conditions>
</line>
<line branch="true" condition-coverage="0% (0/2)" hits="0" number="261">
<conditions>
<condition coverage="0%" number="0" type="jump"/>
</conditions>
</line>
<line branch="true" condition-coverage="0% (0/10)" hits="0" number="262">
<conditions>
<condition coverage="0%" number="0" type="jump"/>
</conditions>
</line>
<line branch="true" condition-coverage="0% (0/2)" hits="0" number="263">
<conditions>
<condition coverage="0%" number="0" type="jump"/>
</conditions>
</line>
<line branch="true" condition-coverage="0% (0/2)" hits="0" number="268">
<conditions>
<condition coverage="0%" number="0" type="jump"/>
</conditions>
</line>
<line branch="true" condition-coverage="0% (0/2)" hits="0" number="269">
<conditions>
<condition coverage="0%" number="0" type="jump"/>
</conditions>
</line>
<line branch="true" condition-coverage="0% (0/2)" hits="0" number="270">
<conditions>
<condition coverage="0%" number="0" type="jump"/>
</conditions>
</line>
<line branch="false" hits="0" number="271"/>
<line branch="true" condition-coverage="0% (0/4)" hits="0" number="272">
<conditions>
<condition coverage="0%" number="0" type="jump"/>
</conditions>
</line>
<line branch="true" condition-coverage="0% (0/2)" hits="0" number="276">
<conditions>
<condition coverage="0%" number="0" type="jump"/>
</conditions>
</line>
<line branch="true" condition-coverage="0% (0/10)" hits="0" number="277">
<conditions>
<condition coverage="0%" number="0" type="jump"/>
</conditions>
</line>
<line branch="true" condition-coverage="0% (0/2)" hits="0" number="278">
<conditions>
<condition coverage="0%" number="0" type="jump"/>
</conditions>
</line>
<line branch="true" condition-coverage="0% (0/2)" hits="0" number="279">
<conditions>
<condition coverage="0%" number="0" type="jump"/>
</conditions>
</line>
<line branch="false" hits="46" number="290"/>
<line branch="false" hits="46" number="291"/>
<line branch="true" condition-coverage="100% (2/2)" hits="184" number="292">
<conditions>
<condition coverage="100%" number="0" type="jump"/>
</conditions>
</line>
<line branch="true" condition-coverage="75% (3/4)" hits="138" number="294">
<conditions>
<condition coverage="75%" number="0" type="jump"/>
</conditions>
</line>
<line branch="false" hits="27" number="295"/>
<line branch="false" hits="27" number="296"/>
<line branch="false" hits="27" number="297"/>
<line branch="true" condition-coverage="50% (1/2)" hits="111" number="301">
<conditions>
<condition coverage="50%" number="0" type="jump"/>
</conditions>
</line>
<line branch="true" condition-coverage="0% (0/2)" hits="0" number="302">
<conditions>
<condition coverage="0%" number="0" type="jump"/>
</conditions>
</line>
<line branch="false" hits="0" number="303"/>
<line branch="true" condition-coverage="100% (2/2)" hits="111" number="306">
<conditions>
<condition coverage="100%" number="0" type="jump"/>
</conditions>
</line>
<line branch="false" hits="74" number="307"/>
<line branch="false" hits="74" number="308"/>
<line branch="true" condition-coverage="50% (1/2)" hits="74" number="309">
<conditions>
<condition coverage="50%" number="0" type="jump"/>
</conditions>
</line>
<line branch="false" hits="0" number="310"/>
<line branch="true" condition-coverage="50% (1/2)" hits="74" number="312">
<conditions>
<condition coverage="50%" number="0" type="jump"/>
</conditions>
</line>
<line branch="true" condition-coverage="50% (1/2)" hits="37" number="315">
<conditions>
<condition coverage="50%" number="0" type="jump"/>
</conditions>
</line>
<line branch="false" hits="111" number="318"/>
<line branch="false" hits="111" number="319"/>
<line branch="false" hits="0" number="325"/>
<line branch="false" hits="0" number="331"/>
<line branch="true" condition-coverage="0% (0/2)" hits="0" number="333">
<conditions>
<condition coverage="0%" number="0" type="jump"/>
</conditions>
</line>
<line branch="false" hits="0" number="334"/>
<line branch="false" hits="0" number="335"/>
<line branch="true" condition-coverage="0% (0/2)" hits="0" number="336">
<conditions>
<condition coverage="0%" number="0" type="jump"/>
</conditions>
</line>
<line branch="true" condition-coverage="0% (0/2)" hits="0" number="337">
<conditions>
<condition coverage="0%" number="0" type="jump"/>
</conditions>
</line>
<line branch="false" hits="0" number="339"/>
<line branch="true" condition-coverage="0% (0/2)" hits="0" number="341">
<conditions>
<condition coverage="0%" number="0" type="jump"/>
</conditions>
</line>
<line branch="false" hits="0" number="342"/>
<line branch="false" hits="0" number="343"/>
<line branch="false" hits="0" number="344"/>
<line branch="false" hits="0" number="345"/>
<line branch="false" hits="0" number="348"/>
<line branch="false" hits="0" number="349"/>
<line branch="true" condition-coverage="0% (0/2)" hits="0" number="352">
<conditions>
<condition coverage="0%" number="0" type="jump"/>
</conditions>
</line>
<line branch="false" hits="0" number="353"/>
<line branch="false" hits="0" number="354"/>
<line branch="false" hits="0" number="355"/>
<line branch="false" hits="0" number="358"/>
<line branch="false" hits="0" number="360"/>
<line branch="false" hits="0" number="362"/>
<line branch="false" hits="0" number="364"/>
<line branch="true" condition-coverage="0% (0/2)" hits="0" number="365">
<conditions>
<condition coverage="0%" number="0" type="jump"/>
</conditions>
</line>
<line branch="true" condition-coverage="0% (0/2)" hits="0" number="366">
<conditions>
<condition coverage="0%" number="0" type="jump"/>
</conditions>
</line>
<line branch="false" hits="0" number="368"/>
<line branch="false" hits="0" number="369"/>
<line branch="false" hits="0" number="370"/>
<line branch="false" hits="0" number="373"/>
<line branch="false" hits="0" number="374"/>
</lines>
</class>
<class branch-rate="0.0" complexity="0.0" filename="/home/des/camcat/Code/CRS/code/src/general/eqkfm_copy.c" line-rate="0.52" name="eqkfm_copy_c">
<methods/>
<lines>
<line branch="false" hits="0" number="129"/>
<line branch="false" hits="0" number="131"/>
<line branch="false" hits="0" number="132"/>
<line branch="false" hits="0" number="10"/>
<line branch="false" hits="0" number="11"/>
<line branch="false" hits="0" number="12"/>
<line branch="false" hits="0" number="13"/>
<line branch="false" hits="0" number="14"/>
<line branch="false" hits="0" number="15"/>
<line branch="false" hits="0" number="16"/>
<line branch="false" hits="0" number="17"/>
<line branch="false" hits="0" number="18"/>
<line branch="false" hits="0" number="19"/>
<line branch="false" hits="0" number="20"/>
<line branch="false" hits="0" number="21"/>
<line branch="false" hits="0" number="22"/>
<line branch="false" hits="0" number="24"/>
<line branch="false" hits="0" number="30"/>
<line branch="false" hits="0" number="31"/>
<line branch="false" hits="0" number="32"/>
<line branch="false" hits="0" number="33"/>
<line branch="false" hits="0" number="34"/>
<line branch="false" hits="0" number="36"/>
<line branch="false" hits="0" number="38"/>
<line branch="false" hits="0" number="39"/>
<line branch="false" hits="0" number="40"/>
<line branch="false" hits="0" number="41"/>
<line branch="false" hits="0" number="42"/>
<line branch="false" hits="0" number="44"/>
<line branch="false" hits="0" number="46"/>
<line branch="false" hits="0" number="52"/>
<line branch="false" hits="0" number="53"/>
<line branch="false" hits="0" number="55"/>
<line branch="false" hits="0" number="57"/>
<line branch="false" hits="0" number="58"/>
<line branch="false" hits="0" number="59"/>
<line branch="false" hits="11" number="61"/>
<line branch="false" hits="11" number="64"/>
<line branch="false" hits="11" number="65"/>
<line branch="false" hits="11" number="66"/>
<line branch="false" hits="11" number="67"/>
<line branch="false" hits="11" number="68"/>
<line branch="false" hits="11" number="69"/>
<line branch="false" hits="11" number="70"/>
<line branch="false" hits="11" number="71"/>
<line branch="false" hits="11" number="72"/>
<line branch="false" hits="11" number="76"/>
<line branch="false" hits="11" number="77"/>
<line branch="false" hits="11" number="78"/>
<line branch="false" hits="11" number="79"/>
<line branch="false" hits="11" number="80"/>
<line branch="false" hits="11" number="81"/>
<line branch="false" hits="11" number="82"/>
<line branch="false" hits="11" number="88"/>
<line branch="false" hits="11" number="91"/>
<line branch="false" hits="11" number="92"/>
<line branch="false" hits="11" number="93"/>
<line branch="false" hits="11" number="94"/>
<line branch="false" hits="11" number="95"/>
<line branch="false" hits="11" number="96"/>
<line branch="false" hits="11" number="97"/>
<line branch="false" hits="11" number="103"/>
<line branch="false" hits="11" number="106"/>
<line branch="false" hits="11" number="107"/>
<line branch="false" hits="11" number="108"/>
<line branch="false" hits="11" number="109"/>
<line branch="false" hits="11" number="110"/>
<line branch="false" hits="11" number="111"/>
<line branch="false" hits="11" number="112"/>
<line branch="false" hits="11" number="113"/>
<line branch="false" hits="11" number="114"/>
<line branch="false" hits="11" number="120"/>
<line branch="false" hits="11" number="122"/>
<line branch="false" hits="11" number="123"/>
<line branch="false" hits="11" number="124"/>
</lines>
</class>
<class branch-rate="0.0" complexity="0.0" filename="/home/des/camcat/Code/CRS/code/src/general/find_timesteps.c" line-rate="0.0" name="find_timesteps_c">
<methods/>
<lines>
<line branch="false" hits="0" number="14"/>
<line branch="false" hits="0" number="19"/>
<line branch="false" hits="0" number="26"/>
<line branch="false" hits="0" number="29"/>
<line branch="false" hits="0" number="31"/>
<line branch="false" hits="0" number="32"/>
<line branch="false" hits="0" number="33"/>
<line branch="false" hits="0" number="35"/>
<line branch="true" condition-coverage="0% (0/2)" hits="0" number="36">
<conditions>
<condition coverage="0%" number="0" type="jump"/>
</conditions>
</line>
<line branch="false" hits="0" number="37"/>
<line branch="false" hits="0" number="38"/>
<line branch="false" hits="0" number="39"/>
<line branch="false" hits="0" number="40"/>
<line branch="true" condition-coverage="0% (0/2)" hits="0" number="41">
<conditions>
<condition coverage="0%" number="0" type="jump"/>
</conditions>
</line>
<line branch="false" hits="0" number="42"/>
<line branch="false" hits="0" number="43"/>
<line branch="false" hits="0" number="44"/>
<line branch="false" hits="0" number="45"/>
<line branch="true" condition-coverage="0% (0/2)" hits="0" number="49">
<conditions>
<condition coverage="0%" number="0" type="jump"/>
</conditions>
</line>
<line branch="false" hits="0" number="51"/>
<line branch="true" condition-coverage="0% (0/2)" hits="0" number="52">
<conditions>
<condition coverage="0%" number="0" type="jump"/>
</conditions>
</line>
<line branch="false" hits="0" number="54"/>
<line branch="false" hits="0" number="57"/>
<line branch="false" hits="0" number="61"/>
<line branch="false" hits="0" number="65"/>
<line branch="false" hits="0" number="66"/>
<line branch="false" hits="0" number="67"/>
<line branch="false" hits="0" number="69"/>
<line branch="false" hits="0" number="70"/>
<line branch="true" condition-coverage="0% (0/2)" hits="0" number="72">
<conditions>
<condition coverage="0%" number="0" type="jump"/>
</conditions>
</line>
<line branch="false" hits="0" number="73"/>
<line branch="false" hits="0" number="74"/>
<line branch="false" hits="0" number="75"/>
<line branch="false" hits="0" number="76"/>
<line branch="true" condition-coverage="0% (0/2)" hits="0" number="79">
<conditions>
<condition coverage="0%" number="0" type="jump"/>
</conditions>
</line>
<line branch="false" hits="0" number="81"/>
<line branch="false" hits="0" number="82"/>
<line branch="false" hits="0" number="83"/>
<line branch="false" hits="0" number="85"/>
<line branch="false" hits="0" number="91"/>
<line branch="false" hits="0" number="92"/>
<line branch="true" condition-coverage="0% (0/2)" hits="0" number="93">
<conditions>
<condition coverage="0%" number="0" type="jump"/>
</conditions>
</line>
<line branch="false" hits="0" number="94"/>
<line branch="false" hits="0" number="95"/>
<line branch="false" hits="0" number="96"/>
<line branch="false" hits="0" number="97"/>
<line branch="false" hits="0" number="100"/>
<line branch="false" hits="0" number="101"/>
</lines>
</class>
<class branch-rate="0.69696969697" complexity="0.0" filename="/home/des/camcat/Code/CRS/code/src/general/forecast_stepG.c" line-rate="0.789808917197" name="forecast_stepG_c">
<methods/>
<lines>
<line branch="false" hits="1581" number="18"/>
<line branch="false" hits="1581" number="28"/>
<line branch="false" hits="1581" number="34"/>
<line branch="false" hits="1581" number="36"/>
<line branch="false" hits="1581" number="39"/>
<line branch="false" hits="1581" number="54"/>
<line branch="false" hits="1581" number="57"/>
<line branch="false" hits="1581" number="59"/>
<line branch="true" condition-coverage="100% (2/2)" hits="1581" number="61">
<conditions>
<condition coverage="100%" number="0" type="jump"/>
</conditions>
</line>
<line branch="false" hits="1" number="62"/>
<line branch="false" hits="1" number="64"/>
<line branch="false" hits="1" number="65"/>
<line branch="false" hits="1" number="66"/>
<line branch="false" hits="1" number="69"/>
<line branch="false" hits="1" number="70"/>
<line branch="false" hits="1" number="71"/>
<line branch="false" hits="1" number="72"/>
<line branch="false" hits="1" number="73"/>
<line branch="false" hits="1" number="74"/>
<line branch="true" condition-coverage="100% (2/2)" hits="1" number="76">
<conditions>
<condition coverage="100%" number="0" type="jump"/>
</conditions>
</line>
<line branch="true" condition-coverage="100% (2/2)" hits="380" number="78">
<conditions>
<condition coverage="100%" number="0" type="jump"/>
</conditions>
</line>
<line branch="false" hits="379" number="80"/>
<line branch="false" hits="379" number="81"/>
<line branch="false" hits="379" number="82"/>
<line branch="true" condition-coverage="100% (2/2)" hits="1429967" number="83">
<conditions>
<condition coverage="100%" number="0" type="jump"/>
</conditions>
</line>
<line branch="true" condition-coverage="25% (1/4)" hits="1429588" number="84">
<conditions>
<condition coverage="25%" number="0" type="jump"/>
</conditions>
</line>
<line branch="true" condition-coverage="83% (5/6)" hits="1429588" number="86">
<conditions>
<condition coverage="83%" number="0" type="jump"/>
</conditions>
</line>
<line branch="true" condition-coverage="83% (5/6)" hits="1429588" number="87">
<conditions>
<condition coverage="83%" number="0" type="jump"/>
</conditions>
</line>
<line branch="true" condition-coverage="83% (5/6)" hits="1429588" number="88">
<conditions>
<condition coverage="83%" number="0" type="jump"/>
</conditions>
</line>
<line branch="true" condition-coverage="66% (4/6)" hits="1429588" number="89">
<conditions>
<condition coverage="66%" number="0" type="jump"/>
</conditions>
</line>
<line branch="true" condition-coverage="100% (2/2)" hits="1429588" number="90">
<conditions>
<condition coverage="100%" number="0" type="jump"/>
</conditions>
</line>
<line branch="false" hits="12285" number="91"/>
<line branch="true" condition-coverage="100% (2/2)" hits="12285" number="92">
<conditions>
<condition coverage="100%" number="0" type="jump"/>
</conditions>
</line>
<line branch="true" condition-coverage="100% (2/2)" hits="12285" number="93">
<conditions>
<condition coverage="100%" number="0" type="jump"/>
</conditions>
</line>
<line branch="false" hits="12285" number="94"/>
<line branch="true" condition-coverage="100% (2/2)" hits="1" number="100">
<conditions>
<condition coverage="100%" number="0" type="jump"/>
</conditions>
</line>
<line branch="true" condition-coverage="100% (2/2)" hits="380" number="101">
<conditions>
<condition coverage="100%" number="0" type="jump"/>
</conditions>
</line>
<line branch="false" hits="379" number="102"/>
<line branch="true" condition-coverage="75% (3/4)" hits="379" number="103">
<conditions>
<condition coverage="75%" number="0" type="jump"/>
</conditions>
</line>
<line branch="true" condition-coverage="50% (1/2)" hits="379" number="104">
<conditions>
<condition coverage="50%" number="0" type="jump"/>
</conditions>
</line>
<line branch="false" hits="379" number="105"/>
<line branch="true" condition-coverage="50% (1/2)" hits="379" number="106">
<conditions>
<condition coverage="50%" number="0" type="jump"/>
</conditions>
</line>
<line branch="true" condition-coverage="25% (1/4)" hits="379" number="107">
<conditions>
<condition coverage="25%" number="0" type="jump"/>
</conditions>
</line>
<line branch="false" hits="0" number="108"/>
<line branch="false" hits="0" number="109"/>
<line branch="true" condition-coverage="75% (3/4)" hits="1581" number="115">
<conditions>
<condition coverage="75%" number="0" type="jump"/>
</conditions>
</line>
<line branch="true" condition-coverage="100% (2/2)" hits="1575" number="119">
<conditions>
<condition coverage="100%" number="0" type="jump"/>
</conditions>
</line>
<line branch="false" hits="1575" number="122"/>
<line branch="true" condition-coverage="100% (4/4)" hits="1575" number="123">
<conditions>
<condition coverage="100%" number="0" type="jump"/>
</conditions>
</line>
<line branch="true" condition-coverage="75% (3/4)" hits="1575" number="124">
<conditions>
<condition coverage="75%" number="0" type="jump"/>
</conditions>
</line>
<line branch="true" condition-coverage="50% (1/2)" hits="1575" number="126">
<conditions>
<condition coverage="50%" number="0" type="jump"/>
</conditions>
</line>
<line branch="true" condition-coverage="50% (1/2)" hits="1575" number="127">
<conditions>
<condition coverage="50%" number="0" type="jump"/>
</conditions>
</line>
<line branch="false" hits="0" number="128"/>
<line branch="false" hits="0" number="129"/>
<line branch="true" condition-coverage="50% (2/4)" hits="1575" number="131">
<conditions>
<condition coverage="50%" number="0" type="jump"/>
</conditions>
</line>
<line branch="false" hits="0" number="132"/>
<line branch="false" hits="0" number="133"/>
<line branch="true" condition-coverage="50% (1/2)" hits="1575" number="137">
<conditions>
<condition coverage="50%" number="0" type="jump"/>
</conditions>
</line>
<line branch="true" condition-coverage="0% (0/2)" hits="0" number="138">
<conditions>
<condition coverage="0%" number="0" type="jump"/>
</conditions>
</line>
<line branch="true" condition-coverage="0% (0/4)" hits="0" number="139">
<conditions>
<condition coverage="0%" number="0" type="jump"/>
</conditions>
</line>
<line branch="false" hits="0" number="141"/>
<line branch="false" hits="1575" number="145"/>
<line branch="true" condition-coverage="75% (3/4)" hits="1575" number="146">
<conditions>
<condition coverage="75%" number="0" type="jump"/>
</conditions>
</line>
<line branch="true" condition-coverage="50% (1/2)" hits="1575" number="147">
<conditions>
<condition coverage="50%" number="0" type="jump"/>
</conditions>
</line>
<line branch="true" condition-coverage="50% (1/2)" hits="1575" number="148">
<conditions>
<condition coverage="50%" number="0" type="jump"/>
</conditions>
</line>
<line branch="false" hits="0" number="149"/>
<line branch="false" hits="0" number="150"/>
<line branch="false" hits="0" number="151"/>
<line branch="false" hits="1575" number="156"/>
<line branch="true" condition-coverage="25% (1/4)" hits="1575" number="157">
<conditions>
<condition coverage="25%" number="0" type="jump"/>
</conditions>
</line>
<line branch="true" condition-coverage="50% (1/2)" hits="1575" number="158">
<conditions>
<condition coverage="50%" number="0" type="jump"/>
</conditions>
</line>
<line branch="false" hits="1575" number="159"/>
<line branch="true" condition-coverage="100% (2/2)" hits="1575" number="161">
<conditions>
<condition coverage="100%" number="0" type="jump"/>
</conditions>
</line>
<line branch="true" condition-coverage="100% (2/2)" hits="1575" number="162">
<conditions>
<condition coverage="100%" number="0" type="jump"/>
</conditions>
</line>
<line branch="false" hits="1575" number="165"/>
<line branch="true" condition-coverage="100% (2/2)" hits="11025" number="166">
<conditions>
<condition coverage="100%" number="0" type="jump"/>
</conditions>
</line>
<line branch="true" condition-coverage="100% (2/2)" hits="9450" number="167">
<conditions>
<condition coverage="100%" number="0" type="jump"/>
</conditions>
</line>
<line branch="false" hits="6980" number="170"/>
<line branch="false" hits="8555" number="171"/>
<line branch="false" hits="6980" number="172"/>
<line branch="false" hits="4896332" number="174"/>
<line branch="true" condition-coverage="50% (1/2)" hits="4896332" number="176">
<conditions>
<condition coverage="50%" number="0" type="jump"/>
</conditions>
</line>
<line branch="true" condition-coverage="100% (2/2)" hits="4896332" number="177">
<conditions>
<condition coverage="100%" number="0" type="jump"/>
</conditions>
</line>
<line branch="true" condition-coverage="100% (2/2)" hits="4896332" number="179">
<conditions>
<condition coverage="100%" number="0" type="jump"/>
</conditions>
</line>
<line branch="true" condition-coverage="100% (2/2)" hits="4896332" number="180">
<conditions>
<condition coverage="100%" number="0" type="jump"/>
</conditions>
</line>
<line branch="false" hits="4896332" number="181"/>
<line branch="false" hits="4896332" number="183"/>
<line branch="false" hits="4896332" number="184"/>
<line branch="false" hits="4896332" number="185"/>
<line branch="false" hits="4896332" number="186"/>
<line branch="false" hits="4896332" number="187"/>
<line branch="false" hits="4896332" number="190"/>
<line branch="true" condition-coverage="100% (4/4)" hits="4896332" number="194">
<conditions>
<condition coverage="100%" number="0" type="jump"/>
</conditions>
</line>
<line branch="true" condition-coverage="100% (2/2)" hits="14838135" number="196">
<conditions>
<condition coverage="100%" number="0" type="jump"/>
</conditions>
</line>
<line branch="true" condition-coverage="100% (2/2)" hits="4929523" number="198">
<conditions>
<condition coverage="100%" number="0" type="jump"/>
</conditions>
</line>
<line branch="true" condition-coverage="100% (2/2)" hits="4814580" number="199">
<conditions>
<condition coverage="100%" number="0" type="jump"/>
</conditions>
</line>
<line branch="false" hits="669164" number="201"/>
<line branch="true" condition-coverage="100% (2/2)" hits="669164" number="202">
<conditions>
<condition coverage="100%" number="0" type="jump"/>
</conditions>
</line>
<line branch="true" condition-coverage="100% (2/2)" hits="4814580" number="205">
<conditions>
<condition coverage="100%" number="0" type="jump"/>
</conditions>
</line>
<line branch="true" condition-coverage="100% (2/2)" hits="4814580" number="206">
<conditions>
<condition coverage="100%" number="0" type="jump"/>
</conditions>
</line>
<line branch="true" condition-coverage="100% (2/2)" hits="4814580" number="207">
<conditions>
<condition coverage="100%" number="0" type="jump"/>
</conditions>
</line>
<line branch="true" condition-coverage="100% (2/2)" hits="4814580" number="208">
<conditions>
<condition coverage="100%" number="0" type="jump"/>
</conditions>
</line>
<line branch="false" hits="4814580" number="211"/>
<line branch="true" condition-coverage="25% (1/4)" hits="4814580" number="213">
<conditions>
<condition coverage="25%" number="0" type="jump"/>
</conditions>
</line>
<line branch="true" condition-coverage="100% (2/2)" hits="4814580" number="215">
<conditions>
<condition coverage="100%" number="0" type="jump"/>
</conditions>
</line>
<line branch="false" hits="4654138" number="216"/>
<line branch="false" hits="4654138" number="217"/>
<line branch="true" condition-coverage="100% (2/2)" hits="4654138" number="218">
<conditions>
<condition coverage="100%" number="0" type="jump"/>
</conditions>
</line>
<line branch="false" hits="4520827" number="219"/>
<line branch="false" hits="4520827" number="220"/>
<line branch="true" condition-coverage="50% (1/2)" hits="4520827" number="222">
<conditions>
<condition coverage="50%" number="0" type="jump"/>
</conditions>
</line>
<line branch="true" condition-coverage="50% (1/2)" hits="4875072" number="224">
<conditions>
<condition coverage="50%" number="0" type="jump"/>
</conditions>
</line>
<line branch="false" hits="5035514" number="227"/>
<line branch="true" condition-coverage="50% (1/2)" hits="5035514" number="229">
<conditions>
<condition coverage="50%" number="0" type="jump"/>
</conditions>
</line>
<line branch="true" condition-coverage="0% (0/2)" hits="0" number="230">
<conditions>
<condition coverage="0%" number="0" type="jump"/>
</conditions>
</line>
<line branch="false" hits="0" number="231"/>
<line branch="false" hits="0" number="232"/>
<line branch="true" condition-coverage="0% (0/2)" hits="0" number="233">
<conditions>
<condition coverage="0%" number="0" type="jump"/>
</conditions>
</line>
<line branch="false" hits="0" number="234"/>
<line branch="false" hits="0" number="235"/>
<line branch="true" condition-coverage="0% (0/2)" hits="0" number="237">
<conditions>
<condition coverage="0%" number="0" type="jump"/>
</conditions>
</line>
<line branch="true" condition-coverage="0% (0/2)" hits="0" number="239">
<conditions>
<condition coverage="0%" number="0" type="jump"/>
</conditions>
</line>
<line branch="false" hits="0" number="240"/>
<line branch="false" hits="5035514" number="243"/>
<line branch="true" condition-coverage="50% (1/2)" hits="5035514" number="245">
<conditions>
<condition coverage="50%" number="0" type="jump"/>
</conditions>
</line>
<line branch="true" condition-coverage="0% (0/2)" hits="0" number="246">
<conditions>
<condition coverage="0%" number="0" type="jump"/>
</conditions>
</line>
<line branch="false" hits="0" number="247"/>
<line branch="false" hits="0" number="248"/>
<line branch="true" condition-coverage="0% (0/2)" hits="0" number="249">
<conditions>
<condition coverage="0%" number="0" type="jump"/>
</conditions>
</line>
<line branch="false" hits="0" number="250"/>
<line branch="false" hits="0" number="251"/>
<line branch="true" condition-coverage="0% (0/2)" hits="0" number="252">
<conditions>
<condition coverage="0%" number="0" type="jump"/>
</conditions>
</line>
<line branch="true" condition-coverage="0% (0/2)" hits="0" number="254">
<conditions>
<condition coverage="0%" number="0" type="jump"/>
</conditions>
</line>
<line branch="false" hits="5035514" number="257"/>
<line branch="true" condition-coverage="100% (2/2)" hits="5035514" number="259">
<conditions>
<condition coverage="100%" number="0" type="jump"/>
</conditions>
</line>
<line branch="false" hits="332925" number="260"/>
<line branch="true" condition-coverage="100% (2/2)" hits="332925" number="261">
<conditions>
<condition coverage="100%" number="0" type="jump"/>
</conditions>
</line>
<line branch="false" hits="319125" number="262"/>
<line branch="true" condition-coverage="100% (2/2)" hits="342110" number="264">
<conditions>
<condition coverage="100%" number="0" type="jump"/>
</conditions>
</line>
<line branch="true" condition-coverage="50% (1/2)" hits="342110" number="265">
<conditions>
<condition coverage="50%" number="0" type="jump"/>
</conditions>
</line>
<line branch="false" hits="0" number="266"/>
<line branch="false" hits="0" number="267"/>
<line branch="false" hits="0" number="268"/>
<line branch="false" hits="0" number="269"/>
<line branch="false" hits="5045471" number="272"/>
<line branch="false" hits="5045471" number="273"/>
<line branch="true" condition-coverage="100% (2/2)" hits="5127223" number="276">
<conditions>
<condition coverage="100%" number="0" type="jump"/>
</conditions>
</line>
<line branch="true" condition-coverage="100% (2/2)" hits="5127223" number="277">
<conditions>
<condition coverage="100%" number="0" type="jump"/>
</conditions>
</line>
<line branch="true" condition-coverage="75% (3/4)" hits="11025" number="281">
<conditions>
<condition coverage="75%" number="0" type="jump"/>
</conditions>
</line>
<line branch="true" condition-coverage="100% (2/2)" hits="9450" number="282">
<conditions>
<condition coverage="100%" number="0" type="jump"/>
</conditions>
</line>
<line branch="true" condition-coverage="100% (2/2)" hits="1575" number="284">
<conditions>
<condition coverage="100%" number="0" type="jump"/>
</conditions>
</line>
<line branch="true" condition-coverage="100% (2/2)" hits="1575" number="285">
<conditions>
<condition coverage="100%" number="0" type="jump"/>
</conditions>
</line>
<line branch="true" condition-coverage="100% (2/2)" hits="5942475" number="286">
<conditions>
<condition coverage="100%" number="0" type="jump"/>
</conditions>
</line>
<line branch="true" condition-coverage="100% (2/2)" hits="5940900" number="287">
<conditions>
<condition coverage="100%" number="0" type="jump"/>
</conditions>
</line>
<line branch="true" condition-coverage="100% (2/2)" hits="5940900" number="288">
<conditions>
<condition coverage="100%" number="0" type="jump"/>
</conditions>
</line>
<line branch="false" hits="1575" number="291"/>
<line branch="false" hits="1575" number="292"/>
</lines>
</class>
<class branch-rate="0.0625" complexity="0.0" filename="/home/des/camcat/Code/CRS/code/src/general/mem_mgmt.c" line-rate="0.477528089888" name="mem_mgmt_c">
<methods/>
<lines>
<line branch="false" hits="0" number="13"/>
<line branch="false" hits="0" number="18"/>
<line branch="false" hits="0" number="19"/>
<line branch="false" hits="0" number="20"/>
<line branch="false" hits="0" number="21"/>
<line branch="false" hits="0" number="22"/>
<line branch="false" hits="0" number="23"/>
<line branch="false" hits="0" number="24"/>
<line branch="false" hits="0" number="25"/>
<line branch="false" hits="0" number="26"/>
<line branch="false" hits="0" number="27"/>
<line branch="false" hits="0" number="28"/>
<line branch="false" hits="0" number="29"/>
<line branch="false" hits="0" number="31"/>
<line branch="false" hits="1" number="37"/>
<line branch="false" hits="1" number="39"/>
<line branch="false" hits="1" number="40"/>
<line branch="false" hits="1" number="41"/>
<line branch="false" hits="1" number="42"/>
<line branch="false" hits="1" number="43"/>
<line branch="false" hits="1" number="44"/>
<line branch="false" hits="1" number="45"/>
<line branch="false" hits="1" number="46"/>
<line branch="false" hits="1" number="47"/>
<line branch="false" hits="1" number="48"/>
<line branch="false" hits="1" number="49"/>
<line branch="false" hits="1" number="50"/>
<line branch="false" hits="1" number="51"/>
<line branch="false" hits="1" number="52"/>
<line branch="false" hits="1" number="53"/>
<line branch="false" hits="1" number="54"/>
<line branch="false" hits="1" number="55"/>
<line branch="false" hits="1" number="56"/>
<line branch="false" hits="1" number="57"/>
<line branch="false" hits="1" number="58"/>
<line branch="false" hits="1" number="63"/>
<line branch="false" hits="1" number="65"/>
<line branch="false" hits="1" number="66"/>
<line branch="false" hits="1" number="67"/>
<line branch="false" hits="1" number="68"/>
<line branch="false" hits="1" number="69"/>
<line branch="false" hits="1" number="70"/>
<line branch="false" hits="1" number="71"/>
<line branch="false" hits="1" number="72"/>
<line branch="false" hits="1" number="73"/>
<line branch="false" hits="1" number="74"/>
<line branch="false" hits="1" number="75"/>
<line branch="false" hits="1" number="76"/>
<line branch="false" hits="1" number="77"/>
<line branch="false" hits="1" number="78"/>
<line branch="false" hits="1" number="82"/>
<line branch="false" hits="0" number="97"/>
<line branch="false" hits="0" number="100"/>
<line branch="true" condition-coverage="0% (0/2)" hits="0" number="102">
<conditions>
<condition coverage="0%" number="0" type="jump"/>
</conditions>
</line>
<line branch="false" hits="0" number="103"/>
<line branch="false" hits="0" number="104"/>
<line branch="false" hits="0" number="105"/>
<line branch="false" hits="0" number="107"/>
<line branch="false" hits="10" number="110"/>
<line branch="false" hits="10" number="113"/>
<line branch="true" condition-coverage="100% (2/2)" hits="583" number="115">
<conditions>
<condition coverage="100%" number="0" type="jump"/>
</conditions>
</line>
<line branch="false" hits="573" number="116"/>
<line branch="false" hits="573" number="117"/>
<line branch="false" hits="573" number="118"/>
<line branch="false" hits="573" number="119"/>
<line branch="false" hits="573" number="120"/>
<line branch="false" hits="573" number="121"/>
<line branch="false" hits="573" number="122"/>
<line branch="false" hits="573" number="123"/>
<line branch="false" hits="573" number="124"/>
<line branch="false" hits="573" number="125"/>
<line branch="false" hits="573" number="126"/>
<line branch="false" hits="573" number="127"/>
<line branch="false" hits="573" number="128"/>
<line branch="false" hits="573" number="129"/>
<line branch="false" hits="573" number="130"/>
<line branch="false" hits="573" number="131"/>
<line branch="false" hits="573" number="132"/>
<line branch="false" hits="573" number="133"/>
<line branch="false" hits="573" number="134"/>
<line branch="false" hits="573" number="135"/>
<line branch="false" hits="573" number="136"/>
<line branch="false" hits="573" number="137"/>
<line branch="false" hits="573" number="138"/>
<line branch="false" hits="573" number="139"/>
<line branch="false" hits="573" number="140"/>
<line branch="false" hits="10" number="143"/>
<line branch="false" hits="0" number="146"/>
<line branch="false" hits="0" number="149"/>
<line branch="true" condition-coverage="0% (0/2)" hits="0" number="151">
<conditions>
<condition coverage="0%" number="0" type="jump"/>
</conditions>
</line>
<line branch="false" hits="0" number="152"/>
<line branch="false" hits="0" number="159"/>
<line branch="false" hits="0" number="160"/>
<line branch="false" hits="0" number="161"/>
<line branch="false" hits="0" number="162"/>
<line branch="false" hits="0" number="167"/>
<line branch="false" hits="0" number="168"/>
<line branch="false" hits="0" number="169"/>
<line branch="false" hits="0" number="170"/>
<line branch="false" hits="0" number="171"/>
<line branch="false" hits="0" number="172"/>
<line branch="false" hits="0" number="173"/>
<line branch="false" hits="0" number="175"/>
<line branch="false" hits="0" number="176"/>
<line branch="false" hits="0" number="177"/>
<line branch="false" hits="0" number="179"/>
<line branch="false" hits="1" number="182"/>
<line branch="false" hits="1" number="185"/>
<line branch="true" condition-coverage="100% (2/2)" hits="4" number="187">
<conditions>
<condition coverage="100%" number="0" type="jump"/>
</conditions>
</line>
<line branch="false" hits="3" number="188"/>
<line branch="false" hits="3" number="189"/>
<line branch="false" hits="3" number="190"/>
<line branch="false" hits="3" number="191"/>
<line branch="false" hits="3" number="192"/>
<line branch="false" hits="3" number="193"/>
<line branch="false" hits="3" number="194"/>
<line branch="false" hits="3" number="195"/>
<line branch="false" hits="3" number="196"/>
<line branch="false" hits="3" number="197"/>
<line branch="false" hits="3" number="198"/>
<line branch="false" hits="3" number="199"/>
<line branch="false" hits="3" number="200"/>
<line branch="false" hits="3" number="201"/>
<line branch="false" hits="3" number="202"/>
<line branch="false" hits="1" number="204"/>
<line branch="false" hits="0" number="207"/>
<line branch="false" hits="0" number="209"/>
<line branch="false" hits="0" number="210"/>
<line branch="false" hits="0" number="212"/>
<line branch="true" condition-coverage="0% (0/2)" hits="0" number="214">
<conditions>
<condition coverage="0%" number="0" type="jump"/>
</conditions>
</line>
<line branch="true" condition-coverage="0% (0/2)" hits="0" number="215">
<conditions>
<condition coverage="0%" number="0" type="jump"/>
</conditions>
</line>
<line branch="true" condition-coverage="0% (0/2)" hits="0" number="216">
<conditions>
<condition coverage="0%" number="0" type="jump"/>
</conditions>
</line>
<line branch="true" condition-coverage="0% (0/2)" hits="0" number="217">
<conditions>
<condition coverage="0%" number="0" type="jump"/>
</conditions>
</line>
<line branch="true" condition-coverage="0% (0/2)" hits="0" number="218">
<conditions>
<condition coverage="0%" number="0" type="jump"/>
</conditions>
</line>
<line branch="true" condition-coverage="0% (0/2)" hits="0" number="219">
<conditions>
<condition coverage="0%" number="0" type="jump"/>
</conditions>
</line>
<line branch="false" hits="0" number="222"/>
<line branch="false" hits="0" number="224"/>
<line branch="true" condition-coverage="0% (0/2)" hits="0" number="226">
<conditions>
<condition coverage="0%" number="0" type="jump"/>
</conditions>
</line>
<line branch="true" condition-coverage="0% (0/2)" hits="0" number="228">
<conditions>
<condition coverage="0%" number="0" type="jump"/>
</conditions>
</line>
<line branch="true" condition-coverage="0% (0/2)" hits="0" number="229">
<conditions>
<condition coverage="0%" number="0" type="jump"/>
</conditions>
</line>
<line branch="false" hits="0" number="230"/>
<line branch="true" condition-coverage="0% (0/2)" hits="0" number="232">
<conditions>
<condition coverage="0%" number="0" type="jump"/>
</conditions>
</line>
<line branch="true" condition-coverage="0% (0/2)" hits="0" number="233">
<conditions>
<condition coverage="0%" number="0" type="jump"/>
</conditions>
</line>
<line branch="true" condition-coverage="0% (0/2)" hits="0" number="234">
<conditions>
<condition coverage="0%" number="0" type="jump"/>
</conditions>
</line>
<line branch="true" condition-coverage="0% (0/2)" hits="0" number="235">
<conditions>
<condition coverage="0%" number="0" type="jump"/>
</conditions>
</line>
<line branch="true" condition-coverage="0% (0/2)" hits="0" number="236">
<conditions>
<condition coverage="0%" number="0" type="jump"/>
</conditions>
</line>
<line branch="true" condition-coverage="0% (0/2)" hits="0" number="237">
<conditions>
<condition coverage="0%" number="0" type="jump"/>
</conditions>
</line>
<line branch="true" condition-coverage="0% (0/2)" hits="0" number="238">
<conditions>
<condition coverage="0%" number="0" type="jump"/>
</conditions>
</line>
<line branch="false" hits="0" number="240"/>
<line branch="false" hits="0" number="241"/>
<line branch="false" hits="0" number="243"/>
<line branch="true" condition-coverage="0% (0/2)" hits="0" number="245">
<conditions>
<condition coverage="0%" number="0" type="jump"/>
</conditions>
</line>
<line branch="true" condition-coverage="0% (0/2)" hits="0" number="250">
<conditions>
<condition coverage="0%" number="0" type="jump"/>
</conditions>
</line>
<line branch="true" condition-coverage="0% (0/2)" hits="0" number="251">
<conditions>
<condition coverage="0%" number="0" type="jump"/>
</conditions>
</line>
[...]
</line>
<line branch="false" hits="0" number="36"/>
<line branch="false" hits="0" number="37"/>
<line branch="true" condition-coverage="0% (0/2)" hits="0" number="38">
<conditions>
<condition coverage="0%" number="0" type="jump"/>
</conditions>
</line>
<line branch="false" hits="0" number="39"/>
<line branch="false" hits="0" number="40"/>
<line branch="false" hits="0" number="42"/>
</lines>
</class>
<class branch-rate="0.410714285714" complexity="0.0" filename="/home/des/camcat/Code/CRS/code/src/util/nrutil.c" line-rate="0.486842105263" name="nrutil_c">
<methods/>
<lines>
<line branch="false" hits="0" number="10"/>
<line branch="false" hits="0" number="13"/>
<line branch="false" hits="0" number="14"/>
<line branch="false" hits="0" number="15"/>
<line branch="false" hits="0" number="16"/>
<line branch="false" hits="0" number="19"/>
<line branch="false" hits="0" number="24"/>
<line branch="true" condition-coverage="0% (0/2)" hits="0" number="25">
<conditions>
<condition coverage="0%" number="0" type="jump"/>
</conditions>
</line>
<line branch="false" hits="0" number="26"/>
<line branch="false" hits="616" number="29"/>
<line branch="false" hits="616" number="34"/>
<line branch="true" condition-coverage="50% (1/2)" hits="616" number="35">
<conditions>
<condition coverage="50%" number="0" type="jump"/>
</conditions>
</line>
<line branch="false" hits="616" number="36"/>
<line branch="false" hits="0" number="39"/>
<line branch="false" hits="0" number="44"/>
<line branch="true" condition-coverage="0% (0/2)" hits="0" number="45">
<conditions>
<condition coverage="0%" number="0" type="jump"/>
</conditions>
</line>
<line branch="false" hits="0" number="46"/>
<line branch="false" hits="0" number="49"/>
<line branch="false" hits="0" number="54"/>
<line branch="true" condition-coverage="0% (0/2)" hits="0" number="55">
<conditions>
<condition coverage="0%" number="0" type="jump"/>
</conditions>
</line>
<line branch="false" hits="0" number="56"/>
<line branch="false" hits="0" number="59"/>
<line branch="false" hits="0" number="64"/>
<line branch="true" condition-coverage="0% (0/2)" hits="0" number="65">
<conditions>
<condition coverage="0%" number="0" type="jump"/>
</conditions>
</line>
<line branch="false" hits="0" number="66"/>
<line branch="false" hits="697268" number="69"/>
<line branch="false" hits="697268" number="74"/>
<line branch="true" condition-coverage="50% (1/2)" hits="697268" number="75">
<conditions>
<condition coverage="50%" number="0" type="jump"/>
</conditions>
</line>
<line branch="false" hits="697268" number="76"/>
<line branch="false" hits="1" number="79"/>
<line branch="false" hits="1" number="82"/>
<line branch="false" hits="1" number="86"/>
<line branch="true" condition-coverage="50% (1/2)" hits="1" number="87">
<conditions>
<condition coverage="50%" number="0" type="jump"/>
</conditions>
</line>
<line branch="false" hits="1" number="88"/>
<line branch="false" hits="1" number="89"/>
<line branch="false" hits="1" number="92"/>
<line branch="true" condition-coverage="50% (1/2)" hits="1" number="93">
<conditions>
<condition coverage="50%" number="0" type="jump"/>
</conditions>
</line>
<line branch="false" hits="1" number="94"/>
<line branch="false" hits="1" number="95"/>
<line branch="true" condition-coverage="100% (2/2)" hits="1" number="97">
<conditions>
<condition coverage="100%" number="0" type="jump"/>
</conditions>
</line>
<line branch="false" hits="1" number="100"/>
<line branch="false" hits="1588" number="103"/>
<line branch="false" hits="1588" number="106"/>
<line branch="false" hits="1588" number="110"/>
<line branch="true" condition-coverage="50% (1/2)" hits="1588" number="111">
<conditions>
<condition coverage="50%" number="0" type="jump"/>
</conditions>
</line>
<line branch="false" hits="1588" number="112"/>
<line branch="false" hits="1588" number="113"/>
<line branch="false" hits="1588" number="116"/>
<line branch="true" condition-coverage="50% (1/2)" hits="1588" number="117">
<conditions>
<condition coverage="50%" number="0" type="jump"/>
</conditions>
</line>
<line branch="false" hits="1588" number="118"/>
<line branch="false" hits="1588" number="119"/>
<line branch="true" condition-coverage="100% (2/2)" hits="1588" number="121">
<conditions>
<condition coverage="100%" number="0" type="jump"/>
</conditions>
</line>
<line branch="false" hits="1588" number="124"/>
<line branch="false" hits="4" number="127"/>
<line branch="false" hits="4" number="130"/>
<line branch="false" hits="4" number="134"/>
<line branch="true" condition-coverage="50% (1/2)" hits="4" number="135">
<conditions>
<condition coverage="50%" number="0" type="jump"/>
</conditions>
</line>
<line branch="false" hits="4" number="136"/>
<line branch="false" hits="4" number="137"/>
<line branch="false" hits="4" number="141"/>
<line branch="true" condition-coverage="50% (1/2)" hits="4" number="142">
<conditions>
<condition coverage="50%" number="0" type="jump"/>
</conditions>
</line>
<line branch="false" hits="4" number="143"/>
<line branch="false" hits="4" number="144"/>
<line branch="true" condition-coverage="100% (2/2)" hits="4" number="146">
<conditions>
<condition coverage="100%" number="0" type="jump"/>
</conditions>
</line>
<line branch="false" hits="4" number="149"/>
<line branch="false" hits="0" number="152"/>
<line branch="false" hits="0" number="155"/>
<line branch="false" hits="0" number="159"/>
<line branch="true" condition-coverage="0% (0/2)" hits="0" number="160">
<conditions>
<condition coverage="0%" number="0" type="jump"/>
</conditions>
</line>
<line branch="false" hits="0" number="161"/>
<line branch="false" hits="0" number="162"/>
<line branch="false" hits="0" number="166"/>
<line branch="true" condition-coverage="0% (0/2)" hits="0" number="167">
<conditions>
<condition coverage="0%" number="0" type="jump"/>
</conditions>
</line>
<line branch="false" hits="0" number="168"/>
<line branch="false" hits="0" number="169"/>
<line branch="true" condition-coverage="0% (0/2)" hits="0" number="171">
<conditions>
<condition coverage="0%" number="0" type="jump"/>
</conditions>
</line>
<line branch="false" hits="0" number="174"/>
<line branch="false" hits="0" number="177"/>
<line branch="false" hits="0" number="181"/>
<line branch="false" hits="0" number="185"/>
<line branch="true" condition-coverage="0% (0/2)" hits="0" number="186">
<conditions>
<condition coverage="0%" number="0" type="jump"/>
</conditions>
</line>
<line branch="false" hits="0" number="187"/>
<line branch="false" hits="0" number="188"/>
<line branch="true" condition-coverage="0% (0/2)" hits="0" number="191">
<conditions>
<condition coverage="0%" number="0" type="jump"/>
</conditions>
</line>
<line branch="false" hits="0" number="194"/>
<line branch="false" hits="0" number="197"/>
<line branch="false" hits="0" number="203"/>
<line branch="false" hits="0" number="207"/>
<line branch="true" condition-coverage="0% (0/2)" hits="0" number="208">
<conditions>
<condition coverage="0%" number="0" type="jump"/>
</conditions>
</line>
<line branch="false" hits="0" number="209"/>
<line branch="false" hits="0" number="210"/>
<line branch="false" hits="0" number="213"/>
<line branch="true" condition-coverage="0% (0/2)" hits="0" number="214">
<conditions>
<condition coverage="0%" number="0" type="jump"/>
</conditions>
</line>
<line branch="false" hits="0" number="216"/>
<line branch="false" hits="4" number="219"/>
<line branch="false" hits="4" number="222"/>
<line branch="false" hits="4" number="226"/>
<line branch="true" condition-coverage="50% (1/2)" hits="4" number="227">
<conditions>
<condition coverage="50%" number="0" type="jump"/>
</conditions>
</line>
<line branch="false" hits="4" number="228"/>
<line branch="false" hits="4" number="229"/>
<line branch="false" hits="4" number="232"/>
<line branch="true" condition-coverage="50% (1/2)" hits="4" number="233">
<conditions>
<condition coverage="50%" number="0" type="jump"/>
</conditions>
</line>
<line branch="false" hits="4" number="234"/>
<line branch="false" hits="4" number="235"/>
<line branch="false" hits="4" number="238"/>
<line branch="true" condition-coverage="50% (1/2)" hits="4" number="239">
<conditions>
<condition coverage="50%" number="0" type="jump"/>
</conditions>
</line>
<line branch="false" hits="4" number="240"/>
<line branch="false" hits="4" number="241"/>
<line branch="true" condition-coverage="100% (2/2)" hits="4" number="243">
<conditions>
<condition coverage="100%" number="0" type="jump"/>
</conditions>
</line>
<line branch="true" condition-coverage="100% (2/2)" hits="702" number="244">
<conditions>
<condition coverage="100%" number="0" type="jump"/>
</conditions>
</line>
<line branch="false" hits="698" number="245"/>
<line branch="false" hits="698" number="246"/>
<line branch="true" condition-coverage="100% (2/2)" hits="698" number="247">
<conditions>
<condition coverage="100%" number="0" type="jump"/>
</conditions>
</line>
<line branch="false" hits="4" number="251"/>
<line branch="false" hits="0" number="254"/>
<line branch="false" hits="0" number="257"/>
<line branch="false" hits="0" number="258"/>
<line branch="false" hits="296" number="260"/>
<line branch="false" hits="296" number="263"/>
<line branch="false" hits="296" number="264"/>
<line branch="false" hits="0" number="266"/>
<line branch="false" hits="0" number="269"/>
<line branch="false" hits="0" number="270"/>
<line branch="false" hits="0" number="272"/>
<line branch="false" hits="0" number="275"/>
<line branch="false" hits="0" number="276"/>
<line branch="false" hits="696716" number="278"/>
<line branch="false" hits="696716" number="281"/>
<line branch="false" hits="696716" number="282"/>
<line branch="false" hits="0" number="284"/>
<line branch="false" hits="0" number="287"/>
<line branch="false" hits="0" number="288"/>
<line branch="false" hits="0" number="289"/>
<line branch="false" hits="1578" number="291"/>
<line branch="false" hits="1578" number="294"/>
<line branch="false" hits="1578" number="295"/>
<line branch="false" hits="1578" number="296"/>
<line branch="false" hits="0" number="298"/>
<line branch="false" hits="0" number="301"/>
<line branch="false" hits="0" number="302"/>
<line branch="false" hits="0" number="303"/>
<line branch="false" hits="0" number="305"/>
<line branch="false" hits="0" number="308"/>
<line branch="false" hits="0" number="309"/>
<line branch="false" hits="0" number="311"/>
<line branch="false" hits="0" number="314"/>
<line branch="false" hits="0" number="315"/>
<line branch="false" hits="0" number="317"/>
<line branch="false" hits="0" number="321"/>
<line branch="false" hits="0" number="322"/>
<line branch="false" hits="0" number="323"/>
<line branch="false" hits="0" number="324"/>
</lines>
</class>
<class branch-rate="0.0" complexity="0.0" filename="/home/des/camcat/Code/CRS/code/src/util/pnpoly.c" line-rate="0.0" name="pnpoly_c">
<methods/>
<lines>
<line branch="false" hits="0" number="8"/>
<line branch="false" hits="0" number="10"/>
<line branch="true" condition-coverage="0% (0/2)" hits="0" number="11">
<conditions>
<condition coverage="0%" number="0" type="jump"/>
</conditions>
</line>
<line branch="true" condition-coverage="0% (0/10)" hits="0" number="12">
<conditions>
<condition coverage="0%" number="0" type="jump"/>
</conditions>
</line>
<line branch="false" hits="0" number="13"/>
<line branch="false" hits="0" number="14"/>
<line branch="false" hits="0" number="15"/>
<line branch="false" hits="0" number="17"/>
</lines>
</class>
<class branch-rate="0.625" complexity="0.0" filename="/home/des/camcat/Code/CRS/code/src/util/ran1.c" line-rate="1.0" name="ran1_c">
<methods/>
<lines>
<line branch="false" hits="46" number="32"/>
<line branch="false" hits="46" number="33"/>
<line branch="true" condition-coverage="50% (1/2)" hits="46" number="34">
<conditions>
<condition coverage="50%" number="0" type="jump"/>
</conditions>
</line>
<line branch="false" hits="46" number="3"/>
<line branch="false" hits="46" number="19"/>
<line branch="true" condition-coverage="25% (1/4)" hits="46" number="17">
<conditions>
<condition coverage="25%" number="0" type="jump"/>
</conditions>
</line>
<line branch="true" condition-coverage="50% (1/2)" hits="46" number="18">
<conditions>
<condition coverage="50%" number="0" type="jump"/>
</conditions>
</line>
<line branch="false" hits="46" number="35"/>
<line branch="true" condition-coverage="100% (2/2)" hits="1886" number="20">
<conditions>
<condition coverage="100%" number="0" type="jump"/>
</conditions>
</line>
<line branch="false" hits="1840" number="21"/>
<line branch="false" hits="1840" number="22"/>
<line branch="true" condition-coverage="100% (2/2)" hits="1840" number="23">
<conditions>
<condition coverage="100%" number="0" type="jump"/>
</conditions>
</line>
<line branch="true" condition-coverage="100% (2/2)" hits="1840" number="24">
<conditions>
<condition coverage="100%" number="0" type="jump"/>
</conditions>
</line>
<line branch="false" hits="46" number="26"/>
<line branch="false" hits="46" number="28"/>
<line branch="false" hits="46" number="29"/>
<line branch="true" condition-coverage="50% (1/2)" hits="46" number="30">
<conditions>
<condition coverage="50%" number="0" type="jump"/>
</conditions>
</line>
<line branch="false" hits="46" number="31"/>
</lines>
</class>
<class branch-rate="0.0" complexity="0.0" filename="/home/des/camcat/Code/CRS/code/src/util/roots3.c" line-rate="0.0" name="roots3_c">
<methods/>
<lines>
<line branch="false" hits="0" number="35"/>
<line branch="false" hits="0" number="36"/>
<line branch="true" condition-coverage="0% (0/2)" hits="0" number="37">
<conditions>
<condition coverage="0%" number="0" type="jump"/>
</conditions>
</line>
<line branch="false" hits="0" number="38"/>
<line branch="false" hits="0" number="39"/>
<line branch="false" hits="0" number="42"/>
<line branch="false" hits="0" number="43"/>
<line branch="false" hits="0" number="44"/>
<line branch="false" hits="0" number="45"/>
<line branch="false" hits="0" number="46"/>
<line branch="false" hits="0" number="47"/>
<line branch="false" hits="0" number="27"/>
<line branch="true" condition-coverage="0% (0/2)" hits="0" number="22">
<conditions>
<condition coverage="0%" number="0" type="jump"/>
</conditions>
</line>
<line branch="false" hits="0" number="23"/>
<line branch="false" hits="0" number="24"/>
<line branch="true" condition-coverage="0% (0/2)" hits="0" number="25">
<conditions>
<condition coverage="0%" number="0" type="jump"/>
</conditions>
</line>
<line branch="false" hits="0" number="26"/>
<line branch="false" hits="0" number="15"/>
<line branch="false" hits="0" number="30"/>
<line branch="false" hits="0" number="31"/>
</lines>
</class>
<class branch-rate="0.0" complexity="0.0" filename="/home/des/camcat/Code/CRS/code/src/util/spline.c" line-rate="0.0" name="spline_c">
<methods/>
<lines>
<line branch="false" hits="0" number="11"/>
<line branch="false" hits="0" number="23"/>
<line branch="true" condition-coverage="0% (0/2)" hits="0" number="24">
<conditions>
<condition coverage="0%" number="0" type="jump"/>
</conditions>
</line>
<line branch="false" hits="0" number="25"/>
<line branch="false" hits="0" number="27"/>
<line branch="false" hits="0" number="28"/>
<line branch="true" condition-coverage="0% (0/2)" hits="0" number="30">
<conditions>
<condition coverage="0%" number="0" type="jump"/>
</conditions>
</line>
<line branch="false" hits="0" number="31"/>
<line branch="false" hits="0" number="32"/>
<line branch="false" hits="0" number="33"/>
<line branch="false" hits="0" number="34"/>
<line branch="false" hits="0" number="35"/>
<line branch="true" condition-coverage="0% (0/2)" hits="0" number="37">
<conditions>
<condition coverage="0%" number="0" type="jump"/>
</conditions>
</line>
<line branch="false" hits="0" number="38"/>
<line branch="false" hits="0" number="40"/>
<line branch="false" hits="0" number="41"/>
<line branch="false" hits="0" number="43"/>
<line branch="true" condition-coverage="0% (0/2)" hits="0" number="44">
<conditions>
<condition coverage="0%" number="0" type="jump"/>
</conditions>
</line>
<line branch="false" hits="0" number="45"/>
<line branch="false" hits="0" number="46"/>
<line branch="false" hits="0" number="47"/>
<line branch="false" hits="0" number="50"/>
<line branch="false" hits="0" number="62"/>
<line branch="false" hits="0" number="63"/>
<line branch="true" condition-coverage="0% (0/2)" hits="0" number="64">
<conditions>
<condition coverage="0%" number="0" type="jump"/>
</conditions>
</line>
<line branch="false" hits="0" number="65"/>
<line branch="true" condition-coverage="0% (0/2)" hits="0" number="66">
<conditions>
<condition coverage="0%" number="0" type="jump"/>
</conditions>
</line>
<line branch="false" hits="0" number="67"/>
<line branch="false" hits="0" number="69"/>
<line branch="true" condition-coverage="0% (0/2)" hits="0" number="70">
<conditions>
<condition coverage="0%" number="0" type="jump"/>
</conditions>
</line>
<line branch="false" hits="0" number="71"/>
<line branch="false" hits="0" number="72"/>
<line branch="false" hits="0" number="73"/>
<line branch="false" hits="0" number="74"/>
</lines>
</class>
<class branch-rate="0.0" complexity="0.0" filename="/home/des/camcat/Code/CRS/code/src/util/splines_eqkfm.c" line-rate="0.0" name="splines_eqkfm_c">
<methods/>
<lines>
<line branch="false" hits="0" number="16"/>
<line branch="true" condition-coverage="0% (0/2)" hits="0" number="21">
<conditions>
<condition coverage="0%" number="0" type="jump"/>
</conditions>
</line>
<line branch="false" hits="0" number="23"/>
<line branch="false" hits="0" number="24"/>
<line branch="true" condition-coverage="0% (0/2)" hits="0" number="26">
<conditions>
<condition coverage="0%" number="0" type="jump"/>
</conditions>
</line>
<line branch="false" hits="0" number="27"/>
<line branch="false" hits="0" number="28"/>
<line branch="false" hits="0" number="31"/>
<line branch="false" hits="0" number="32"/>
<line branch="false" hits="0" number="33"/>
<line branch="false" hits="0" number="34"/>
<line branch="true" condition-coverage="0% (0/2)" hits="0" number="36">
<conditions>
<condition coverage="0%" number="0" type="jump"/>
</conditions>
</line>
<line branch="false" hits="0" number="37"/>
<line branch="true" condition-coverage="0% (0/2)" hits="0" number="41">
<conditions>
<condition coverage="0%" number="0" type="jump"/>
</conditions>
</line>
<line branch="true" condition-coverage="0% (0/2)" hits="0" number="42">
<conditions>
<condition coverage="0%" number="0" type="jump"/>
</conditions>
</line>
<line branch="false" hits="0" number="43"/>
<line branch="false" hits="0" number="44"/>
<line branch="true" condition-coverage="0% (0/2)" hits="0" number="47">
<conditions>
<condition coverage="0%" number="0" type="jump"/>
</conditions>
</line>
<line branch="true" condition-coverage="0% (0/4)" hits="0" number="48">
<conditions>
<condition coverage="0%" number="0" type="jump"/>
</conditions>
</line>
<line branch="true" condition-coverage="0% (0/2)" hits="0" number="49">
<conditions>
<condition coverage="0%" number="0" type="jump"/>
</conditions>
</line>
<line branch="true" condition-coverage="0% (0/4)" hits="0" number="50">
<conditions>
<condition coverage="0%" number="0" type="jump"/>
</conditions>
</line>
<line branch="true" condition-coverage="0% (0/2)" hits="0" number="51">
<conditions>
<condition coverage="0%" number="0" type="jump"/>
</conditions>
</line>
<line branch="false" hits="0" number="52"/>
<line branch="false" hits="0" number="53"/>
<line branch="false" hits="0" number="54"/>
<line branch="true" condition-coverage="0% (0/2)" hits="0" number="55">
<conditions>
<condition coverage="0%" number="0" type="jump"/>
</conditions>
</line>
<line branch="false" hits="0" number="56"/>
<line branch="false" hits="0" number="57"/>
<line branch="false" hits="0" number="62"/>
<line branch="false" hits="0" number="63"/>
<line branch="false" hits="0" number="64"/>
<line branch="false" hits="0" number="65"/>
</lines>
</class>
</classes>
</package>
</packages>
</coverage>

